#
# There is insufficient memory for the Java Runtime Environment to continue.
# Native memory allocation (mmap) failed to map 96468992 bytes for committing reserved memory.
# Possible reasons:
#   The system is out of physical RAM or swap space
#   The process is running with CompressedOops enabled, and the Java Heap may be blocking the growth of the native heap
# Possible solutions:
#   Reduce memory load on the system
#   Increase physical memory or swap space
#   Check if swap backing store is full
#   Decrease Java heap size (-Xmx/-Xms)
#   Decrease number of Java threads
#   Decrease Java thread stack sizes (-Xss)
#   Set larger code cache with -XX:ReservedCodeCacheSize=
#   JVM is running with Unscaled Compressed Oops mode in which the Java heap is
#     placed in the first 4GB address space. The Java Heap base address is the
#     maximum limit for the native heap growth. Please use -XX:HeapBaseMinAddress
#     to set the Java Heap base and to place the Java Heap above 4GB virtual address.
# This output file may be truncated or incomplete.
#
#  Out of Memory Error (os_linux.cpp:2706), pid=30833, tid=30859
#
# JRE version: OpenJDK Runtime Environment (10.0.2+13) (build 10.0.2+13-Ubuntu-1ubuntu0.18.04.2)
# Java VM: OpenJDK 64-Bit Server VM (10.0.2+13-Ubuntu-1ubuntu0.18.04.2, mixed mode, tiered, compressed oops, g1 gc, linux-amd64)
# Core dump will be written. Default location: Core dumps may be processed with "/usr/share/apport/apport %p %s %c %d %P" (or dumping to /home/alex/Documents/Java_Projects/emergency-map/core.30833)
#

---------------  S U M M A R Y ------------

Command Line: -agentlib:jdwp=transport=dt_socket,address=127.0.0.1:41295,suspend=y,server=n -XX:TieredStopAtLevel=1 -Xverify:none -Dspring.output.ansi.enabled=always -Dcom.sun.management.jmxremote -Dcom.sun.management.jmxremote.port=35589 -Dcom.sun.management.jmxremote.authenticate=false -Dcom.sun.management.jmxremote.ssl=false -Djava.rmi.server.hostname=localhost -Dspring.liveBeansView.mbeanDomain -Dspring.application.admin.enabled=true -javaagent:/home/alex/Programs/idea-IU-182.4129.33/lib/rt/debugger-agent.jar=file:/tmp/capture.props -Dfile.encoding=UTF-8 men.brakh.emergencymap.Application

Host: Intel(R) Core(TM) i5-6200U CPU @ 2.30GHz, 4 cores, 7G, Ubuntu 18.04.1 LTS
Time: Sun Oct 21 10:40:18 2018 MSK elapsed time: 169 seconds (0d 0h 2m 49s)

---------------  T H R E A D  ---------------

Current thread (0x00007f095c157000):  VMThread "VM Thread" [stack: 0x00007f09404ff000,0x00007f09405ff000] [id=30859]

Stack: [0x00007f09404ff000,0x00007f09405ff000],  sp=0x00007f09405fd0a0,  free space=1016k
Native frames: (J=compiled Java code, A=aot compiled Java code, j=interpreted, Vv=VM code, C=native code)
V  [libjvm.so+0xd27e04]
V  [libjvm.so+0xd289ab]
V  [libjvm.so+0x64d415]
V  [libjvm.so+0xb2d728]
V  [libjvm.so+0xb25f7d]
V  [libjvm.so+0x7662ff]
V  [libjvm.so+0x76653e]
V  [libjvm.so+0x769500]
V  [libjvm.so+0x7efa1c]
V  [libjvm.so+0x7f06df]
V  [libjvm.so+0x7f0b59]
V  [libjvm.so+0x7162cf]
V  [libjvm.so+0x71a3ba]
V  [libjvm.so+0xd39f68]
V  [libjvm.so+0xd387d1]
V  [libjvm.so+0xd35a9b]
V  [libjvm.so+0xd370be]
V  [libjvm.so+0xd374e8]
V  [libjvm.so+0xb33ca0]

VM_Operation (0x00007f08f5fae730): G1IncCollectionPause, mode: safepoint, requested by thread 0x00007f08d0008000


---------------  P R O C E S S  ---------------

Threads class SMR info:
_java_thread_list=0x00007f08c4001090, length=33, elements={
0x00007f095c160800, 0x00007f095c162800, 0x00007f095c175800, 0x00007f095c177800,
0x00007f095c179800, 0x00007f095c17b800, 0x00007f095c17d000, 0x00007f095c220000,
0x00007f095c223800, 0x00007f08ec001800, 0x00007f095c237000, 0x00007f095c540000,
0x00007f095c62d800, 0x00007f095c63c800, 0x00007f095c648800, 0x00007f08c400a800,
0x00007f0904067000, 0x00007f095ca21000, 0x00007f095cce8000, 0x00007f095ccfc000,
0x00007f095d34e000, 0x00007f095d392800, 0x00007f095d3ad000, 0x00007f095d3af800,
0x00007f095c018000, 0x00007f08d0008000, 0x00007f08d4007800, 0x00007f08d0009000,
0x00007f08d000a000, 0x00007f08d4008800, 0x00007f08d000b800, 0x00007f08d0005800,
0x00007f08d000d000
}

Java Threads: ( => current thread )
  0x00007f095c160800 JavaThread "Reference Handler" daemon [_thread_blocked, id=30862, stack(0x00007f09403fc000,0x00007f09404fd000)]
  0x00007f095c162800 JavaThread "Finalizer" daemon [_thread_blocked, id=30866, stack(0x00007f09402fb000,0x00007f09403fc000)]
  0x00007f095c175800 JavaThread "Signal Dispatcher" daemon [_thread_blocked, id=30869, stack(0x00007f09401fa000,0x00007f09402fb000)]
  0x00007f095c177800 JavaThread "C1 CompilerThread0" daemon [_thread_blocked, id=30870, stack(0x00007f09400f9000,0x00007f09401fa000)]
  0x00007f095c179800 JavaThread "C1 CompilerThread1" daemon [_thread_blocked, id=30871, stack(0x00007f0930037000,0x00007f0930138000)]
  0x00007f095c17b800 JavaThread "C1 CompilerThread2" daemon [_thread_blocked, id=30872, stack(0x00007f08f7eff000,0x00007f08f8000000)]
  0x00007f095c17d000 JavaThread "Sweeper thread" daemon [_thread_blocked, id=30873, stack(0x00007f08f7dfe000,0x00007f08f7eff000)]
  0x00007f095c220000 JavaThread "JDWP Transport Listener: dt_socket" daemon [_thread_blocked, id=30877, stack(0x00007f08f7af7000,0x00007f08f7bf8000)]
  0x00007f095c223800 JavaThread "JDWP Event Helper Thread" daemon [_thread_blocked, id=30880, stack(0x00007f08f79f6000,0x00007f08f7af7000)]
  0x00007f08ec001800 JavaThread "JDWP Command Reader" daemon [_thread_in_native, id=30881, stack(0x00007f08f78f5000,0x00007f08f79f6000)]
  0x00007f095c237000 JavaThread "Common-Cleaner" daemon [_thread_blocked, id=30882, stack(0x00007f08f77f4000,0x00007f08f78f5000)]
  0x00007f095c540000 JavaThread "Service Thread" daemon [_thread_blocked, id=30885, stack(0x00007f08f72c9000,0x00007f08f73ca000)]
  0x00007f095c62d800 JavaThread "RMI TCP Accept-0" daemon [_thread_in_native, id=30887, stack(0x00007f08f69bb000,0x00007f08f6abc000)]
  0x00007f095c63c800 JavaThread "RMI TCP Accept-35589" daemon [_thread_in_native, id=30888, stack(0x00007f08f68ba000,0x00007f08f69bb000)]
  0x00007f095c648800 JavaThread "RMI TCP Accept-0" daemon [_thread_in_native, id=30889, stack(0x00007f08f65b9000,0x00007f08f66ba000)]
  0x00007f08c400a800 JavaThread "RMI Scheduler(0)" daemon [_thread_blocked, id=30898, stack(0x00007f08f5fb4000,0x00007f08f60b5000)]
  0x00007f0904067000 JavaThread "ContainerBackgroundProcessor[StandardEngine[Tomcat].StandardHost[localhost].StandardContext[]]" daemon [_thread_blocked, id=31020, stack(0x00007f08f4bb0000,0x00007f08f4cb1000)]
  0x00007f095ca21000 JavaThread "container-0" [_thread_blocked, id=31021, stack(0x00007f08f4aaf000,0x00007f08f4bb0000)]
  0x00007f095cce8000 JavaThread "Tomcat JDBC Pool Cleaner[1512981843:1540107461226]" daemon [_thread_blocked, id=31030, stack(0x00007f08f49ae000,0x00007f08f4aaf000)]
  0x00007f095ccfc000 JavaThread "Abandoned connection cleanup thread" daemon [_thread_blocked, id=31031, stack(0x00007f08f44ad000,0x00007f08f45ae000)]
  0x00007f095d34e000 JavaThread "NioBlockingSelector.BlockPoller-1" daemon [_thread_blocked, id=31052, stack(0x00007f08f43ac000,0x00007f08f44ad000)]
  0x00007f095d392800 JavaThread "http-nio-8080-ClientPoller-0" daemon [_thread_in_native, id=31053, stack(0x00007f08f40ab000,0x00007f08f41ac000)]
  0x00007f095d3ad000 JavaThread "http-nio-8080-ClientPoller-1" daemon [_thread_in_native, id=31054, stack(0x00007f08bf4ff000,0x00007f08bf600000)]
  0x00007f095d3af800 JavaThread "http-nio-8080-Acceptor-0" daemon [_thread_in_native, id=31055, stack(0x00007f08bf3fe000,0x00007f08bf4ff000)]
  0x00007f095c018000 JavaThread "DestroyJavaVM" [_thread_blocked, id=30835, stack(0x00007f0965d2c000,0x00007f0965e2d000)]
  0x00007f08d0008000 JavaThread "http-nio-8080-exec-1" daemon [_thread_blocked, id=31070, stack(0x00007f08f5eb3000,0x00007f08f5fb4000)]
  0x00007f08d4007800 JavaThread "http-nio-8080-exec-2" daemon [_thread_blocked, id=31079, stack(0x00007f08f59b2000,0x00007f08f5ab3000)]
  0x00007f08d0009000 JavaThread "http-nio-8080-exec-3" daemon [_thread_blocked, id=31080, stack(0x00007f08beffa000,0x00007f08bf0fb000)]
  0x00007f08d000a000 JavaThread "http-nio-8080-exec-4" daemon [_thread_blocked, id=31087, stack(0x00007f08bf2fd000,0x00007f08bf3fe000)]
  0x00007f08d4008800 JavaThread "http-nio-8080-exec-5" daemon [_thread_blocked, id=31100, stack(0x00007f08becf9000,0x00007f08bedfa000)]
  0x00007f08d000b800 JavaThread "http-nio-8080-exec-6" daemon [_thread_blocked, id=31101, stack(0x00007f08bebf8000,0x00007f08becf9000)]
  0x00007f08d0005800 JavaThread "http-nio-8080-exec-7" daemon [_thread_blocked, id=31111, stack(0x00007f08bf0fb000,0x00007f08bf1fc000)]
  0x00007f08d000d000 JavaThread "http-nio-8080-exec-8" daemon [_thread_blocked, id=31112, stack(0x00007f08beaf7000,0x00007f08bebf8000)]

Other Threads:
=>0x00007f095c157000 VMThread "VM Thread" [stack: 0x00007f09404ff000,0x00007f09405ff000] [id=30859]
  0x00007f095c65c000 WatcherThread [stack: 0x00007f08f64b9000,0x00007f08f65b9000] [id=30890]
  0x00007f095c030000 GCTaskThread "GC Thread#0" [stack: 0x00007f096103f000,0x00007f096113f000] [id=30837]
  0x00007f095c031800 GCTaskThread "GC Thread#1" [stack: 0x00007f0960f3d000,0x00007f096103d000] [id=30838]
  0x00007f095c033000 GCTaskThread "GC Thread#2" [stack: 0x00007f0960e3b000,0x00007f0960f3b000] [id=30840]
  0x00007f095c035000 GCTaskThread "GC Thread#3" [stack: 0x00007f0960d39000,0x00007f0960e39000] [id=30842]
  0x00007f095c05e000 ConcurrentGCThread "G1 Main Marker" [stack: 0x00007f0960081000,0x00007f0960181000] [id=30844]
  0x00007f095c060000 ConcurrentGCThread "G1 Conc#0" [stack: 0x00007f0941785000,0x00007f0941885000] [id=30846]
  0x00007f095c0c8000 ConcurrentGCThread "G1 Refine#0" [stack: 0x00007f094127f000,0x00007f094137f000] [id=30848]
  0x00007f095c0c9800 ConcurrentGCThread "G1 Refine#1" [stack: 0x00007f094117d000,0x00007f094127d000] [id=30849]
  0x00007f095c0cb800 ConcurrentGCThread "G1 Refine#2" [stack: 0x00007f094107b000,0x00007f094117b000] [id=30851]
  0x00007f095c0cd000 ConcurrentGCThread "G1 Refine#3" [stack: 0x00007f0940f79000,0x00007f0941079000] [id=30856]
  0x00007f095c0cf000 ConcurrentGCThread "G1 Young RemSet Sampling" [stack: 0x00007f0940e77000,0x00007f0940f77000] [id=30857]

Threads with active compile tasks:

VM state:at safepoint (normal execution)

VM Mutex/Monitor currently owned by a thread:  ([mutex/lock_event])
[0x00007f095c014100] Threads_lock - owner thread: 0x00007f095c157000
[0x00007f095c0146a0] Heap_lock - owner thread: 0x00007f08d0008000

Heap address: 0x0000000084e00000, size: 1970 MB, Compressed Oops mode: 32-bit
Narrow klass base: 0x0000000000000000, Narrow klass shift: 3
Compressed class space size: 1073741824 Address: 0x0000000100000000

Heap:
 garbage-first heap   total 400384K, used 155157K [0x0000000084e00000, 0x0000000100000000)
  region size 1024K, 4 young (4096K), 4 survivors (4096K)
 Metaspace       used 53893K, capacity 54796K, committed 55296K, reserved 1097728K
  class space    used 6091K, capacity 6387K, committed 6400K, reserved 1048576K
Heap Regions: E=young(eden), S=young(survivor), O=old, HS=humongous(starts), HC=humongous(continues), CS=collection set, F=free, A=archive, TS=gc time stamp, AC=allocation context, TAMS=top-at-mark-start (previous, next)
|   0|0x0000000084e00000, 0x0000000084f00000, 0x0000000084f00000|100%| O|  |TS  0|AC  0|TAMS 0x0000000084f00000, 0x0000000084f00000|
|   1|0x0000000084f00000, 0x0000000085000000, 0x0000000085000000|100%| O|  |TS  0|AC  0|TAMS 0x0000000085000000, 0x0000000085000000|
|   2|0x0000000085000000, 0x0000000085100000, 0x0000000085100000|100%| O|  |TS  0|AC  0|TAMS 0x0000000085100000, 0x0000000085100000|
|   3|0x0000000085100000, 0x0000000085200000, 0x0000000085200000|100%| O|  |TS  0|AC  0|TAMS 0x0000000085200000, 0x0000000085200000|
|   4|0x0000000085200000, 0x0000000085300000, 0x0000000085300000|100%| O|  |TS  0|AC  0|TAMS 0x0000000085300000, 0x0000000085300000|
|   5|0x0000000085300000, 0x0000000085400000, 0x0000000085400000|100%| O|  |TS  0|AC  0|TAMS 0x0000000085400000, 0x0000000085400000|
|   6|0x0000000085400000, 0x0000000085500000, 0x0000000085500000|100%| O|  |TS  0|AC  0|TAMS 0x0000000085500000, 0x0000000085500000|
|   7|0x0000000085500000, 0x0000000085600000, 0x0000000085600000|100%| O|  |TS  0|AC  0|TAMS 0x0000000085600000, 0x0000000085600000|
|   8|0x0000000085600000, 0x0000000085700000, 0x0000000085700000|100%| O|  |TS  0|AC  0|TAMS 0x0000000085700000, 0x0000000085700000|
|   9|0x0000000085700000, 0x0000000085800000, 0x0000000085800000|100%| O|  |TS  0|AC  0|TAMS 0x0000000085800000, 0x0000000085800000|
|  10|0x0000000085800000, 0x0000000085900000, 0x0000000085900000|100%| O|  |TS  0|AC  0|TAMS 0x0000000085900000, 0x0000000085900000|
|  11|0x0000000085900000, 0x0000000085a00000, 0x0000000085a00000|100%| O|  |TS  0|AC  0|TAMS 0x0000000085a00000, 0x0000000085a00000|
|  12|0x0000000085a00000, 0x0000000085b00000, 0x0000000085b00000|100%| O|  |TS  0|AC  0|TAMS 0x0000000085b00000, 0x0000000085b00000|
|  13|0x0000000085b00000, 0x0000000085c00000, 0x0000000085c00000|100%| O|  |TS  0|AC  0|TAMS 0x0000000085c00000, 0x0000000085c00000|
|  14|0x0000000085c00000, 0x0000000085d00000, 0x0000000085d00000|100%| O|  |TS  0|AC  0|TAMS 0x0000000085d00000, 0x0000000085d00000|
|  15|0x0000000085d00000, 0x0000000085e00000, 0x0000000085e00000|100%| O|  |TS  0|AC  0|TAMS 0x0000000085e00000, 0x0000000085e00000|
|  16|0x0000000085e00000, 0x0000000085f00000, 0x0000000085f00000|100%| O|  |TS  0|AC  0|TAMS 0x0000000085f00000, 0x0000000085f00000|
|  17|0x0000000085f00000, 0x0000000086000000, 0x0000000086000000|100%| O|  |TS  0|AC  0|TAMS 0x0000000086000000, 0x0000000086000000|
|  18|0x0000000086000000, 0x0000000086100000, 0x0000000086100000|100%| O|  |TS  0|AC  0|TAMS 0x0000000086100000, 0x0000000086100000|
|  19|0x0000000086100000, 0x0000000086200000, 0x0000000086200000|100%| O|  |TS  0|AC  0|TAMS 0x0000000086200000, 0x0000000086200000|
|  20|0x0000000086200000, 0x0000000086300000, 0x0000000086300000|100%| O|  |TS  0|AC  0|TAMS 0x0000000086300000, 0x0000000086300000|
|  21|0x0000000086300000, 0x0000000086400000, 0x0000000086400000|100%| O|  |TS  1|AC  0|TAMS 0x0000000086300000, 0x0000000086300000|
|  22|0x0000000086400000, 0x0000000086500000, 0x0000000086500000|100%| O|  |TS  0|AC  0|TAMS 0x0000000086500000, 0x0000000086500000|
|  23|0x0000000086500000, 0x0000000086600000, 0x0000000086600000|100%|HS|  |TS  0|AC  0|TAMS 0x0000000086600000, 0x0000000086600000|
|  24|0x0000000086600000, 0x0000000086700000, 0x0000000086700000|100%|HC|  |TS  0|AC  0|TAMS 0x0000000086700000, 0x0000000086700000|
|  25|0x0000000086700000, 0x0000000086800000, 0x0000000086800000|100%|HS|  |TS  0|AC  0|TAMS 0x0000000086800000, 0x0000000086800000|
|  26|0x0000000086800000, 0x0000000086900000, 0x0000000086900000|100%| O|  |TS  0|AC  0|TAMS 0x0000000086900000, 0x0000000086900000|
|  27|0x0000000086900000, 0x0000000086a00000, 0x0000000086a00000|100%| O|  |TS  0|AC  0|TAMS 0x0000000086a00000, 0x0000000086a00000|
|  28|0x0000000086a00000, 0x0000000086b00000, 0x0000000086b00000|100%| O|  |TS  0|AC  0|TAMS 0x0000000086b00000, 0x0000000086b00000|
|  29|0x0000000086b00000, 0x0000000086c00000, 0x0000000086c00000|100%| O|  |TS  0|AC  0|TAMS 0x0000000086c00000, 0x0000000086c00000|
|  30|0x0000000086c00000, 0x0000000086d00000, 0x0000000086d00000|100%| O|  |TS  0|AC  0|TAMS 0x0000000086d00000, 0x0000000086d00000|
|  31|0x0000000086d00000, 0x0000000086e00000, 0x0000000086e00000|100%| O|  |TS  0|AC  0|TAMS 0x0000000086e00000, 0x0000000086e00000|
|  32|0x0000000086e00000, 0x0000000086f00000, 0x0000000086f00000|100%| O|  |TS  0|AC  0|TAMS 0x0000000086f00000, 0x0000000086f00000|
|  33|0x0000000086f00000, 0x0000000087000000, 0x0000000087000000|100%| O|  |TS  0|AC  0|TAMS 0x0000000087000000, 0x0000000087000000|
|  34|0x0000000087000000, 0x0000000087100000, 0x0000000087100000|100%| O|  |TS  0|AC  0|TAMS 0x0000000087100000, 0x0000000087100000|
|  35|0x0000000087100000, 0x0000000087200000, 0x0000000087200000|100%| O|  |TS  0|AC  0|TAMS 0x0000000087200000, 0x0000000087200000|
|  36|0x0000000087200000, 0x0000000087300000, 0x0000000087300000|100%| O|  |TS  0|AC  0|TAMS 0x0000000087300000, 0x0000000087300000|
|  37|0x0000000087300000, 0x0000000087400000, 0x0000000087400000|100%| O|  |TS  0|AC  0|TAMS 0x0000000087400000, 0x0000000087400000|
|  38|0x0000000087400000, 0x0000000087500000, 0x0000000087500000|100%| O|  |TS  0|AC  0|TAMS 0x0000000087500000, 0x0000000087500000|
|  39|0x0000000087500000, 0x0000000087600000, 0x0000000087600000|100%| O|  |TS  0|AC  0|TAMS 0x0000000087600000, 0x0000000087600000|
|  40|0x0000000087600000, 0x0000000087700000, 0x0000000087700000|100%| O|  |TS  0|AC  0|TAMS 0x0000000087700000, 0x0000000087700000|
|  41|0x0000000087700000, 0x0000000087800000, 0x0000000087800000|100%| O|  |TS  0|AC  0|TAMS 0x0000000087800000, 0x0000000087800000|
|  42|0x0000000087800000, 0x0000000087900000, 0x0000000087900000|100%| O|  |TS  0|AC  0|TAMS 0x0000000087900000, 0x0000000087900000|
|  43|0x0000000087900000, 0x0000000087a00000, 0x0000000087a00000|100%| O|  |TS  0|AC  0|TAMS 0x0000000087a00000, 0x0000000087a00000|
|  44|0x0000000087a00000, 0x0000000087b00000, 0x0000000087b00000|100%| O|  |TS  0|AC  0|TAMS 0x0000000087b00000, 0x0000000087b00000|
|  45|0x0000000087b00000, 0x0000000087c00000, 0x0000000087c00000|100%| O|  |TS  0|AC  0|TAMS 0x0000000087c00000, 0x0000000087c00000|
|  46|0x0000000087c00000, 0x0000000087d00000, 0x0000000087d00000|100%| O|  |TS  0|AC  0|TAMS 0x0000000087d00000, 0x0000000087d00000|
|  47|0x0000000087d00000, 0x0000000087e00000, 0x0000000087e00000|100%| O|  |TS  0|AC  0|TAMS 0x0000000087e00000, 0x0000000087e00000|
|  48|0x0000000087e00000, 0x0000000087f00000, 0x0000000087f00000|100%| O|  |TS  0|AC  0|TAMS 0x0000000087f00000, 0x0000000087f00000|
|  49|0x0000000087f00000, 0x0000000088000000, 0x0000000088000000|100%| O|  |TS  0|AC  0|TAMS 0x0000000088000000, 0x0000000088000000|
|  50|0x0000000088000000, 0x0000000088100000, 0x0000000088100000|100%| O|  |TS  0|AC  0|TAMS 0x0000000088100000, 0x0000000088100000|
|  51|0x0000000088100000, 0x0000000088200000, 0x0000000088200000|100%| O|  |TS  0|AC  0|TAMS 0x0000000088200000, 0x0000000088200000|
|  52|0x0000000088200000, 0x0000000088300000, 0x0000000088300000|100%| O|  |TS  0|AC  0|TAMS 0x0000000088300000, 0x0000000088300000|
|  53|0x0000000088300000, 0x0000000088400000, 0x0000000088400000|100%| O|  |TS  0|AC  0|TAMS 0x0000000088400000, 0x0000000088400000|
|  54|0x0000000088400000, 0x0000000088500000, 0x0000000088500000|100%| O|  |TS  0|AC  0|TAMS 0x0000000088500000, 0x0000000088500000|
|  55|0x0000000088500000, 0x0000000088600000, 0x0000000088600000|100%| O|  |TS  0|AC  0|TAMS 0x0000000088600000, 0x0000000088600000|
|  56|0x0000000088600000, 0x0000000088700000, 0x0000000088700000|100%| O|  |TS  0|AC  0|TAMS 0x0000000088700000, 0x0000000088700000|
|  57|0x0000000088700000, 0x0000000088800000, 0x0000000088800000|100%| O|  |TS  0|AC  0|TAMS 0x0000000088800000, 0x0000000088800000|
|  58|0x0000000088800000, 0x0000000088900000, 0x0000000088900000|100%| O|  |TS  0|AC  0|TAMS 0x0000000088900000, 0x0000000088900000|
|  59|0x0000000088900000, 0x0000000088a00000, 0x0000000088a00000|100%| O|  |TS  0|AC  0|TAMS 0x0000000088a00000, 0x0000000088a00000|
|  60|0x0000000088a00000, 0x0000000088b00000, 0x0000000088b00000|100%| O|  |TS  0|AC  0|TAMS 0x0000000088b00000, 0x0000000088b00000|
|  61|0x0000000088b00000, 0x0000000088c00000, 0x0000000088c00000|100%| O|  |TS  0|AC  0|TAMS 0x0000000088c00000, 0x0000000088c00000|
|  62|0x0000000088c00000, 0x0000000088d00000, 0x0000000088d00000|100%| O|  |TS  0|AC  0|TAMS 0x0000000088d00000, 0x0000000088d00000|
|  63|0x0000000088d00000, 0x0000000088e00000, 0x0000000088e00000|100%| O|  |TS  0|AC  0|TAMS 0x0000000088e00000, 0x0000000088e00000|
|  64|0x0000000088e00000, 0x0000000088f00000, 0x0000000088f00000|100%| O|  |TS  0|AC  0|TAMS 0x0000000088f00000, 0x0000000088f00000|
|  65|0x0000000088f00000, 0x0000000089000000, 0x0000000089000000|100%| O|  |TS  0|AC  0|TAMS 0x0000000089000000, 0x0000000089000000|
|  66|0x0000000089000000, 0x0000000089100000, 0x0000000089100000|100%| O|  |TS  0|AC  0|TAMS 0x0000000089100000, 0x0000000089100000|
|  67|0x0000000089100000, 0x0000000089200000, 0x0000000089200000|100%| O|  |TS  0|AC  0|TAMS 0x0000000089200000, 0x0000000089200000|
|  68|0x0000000089200000, 0x0000000089300000, 0x0000000089300000|100%|HS|  |TS  0|AC  0|TAMS 0x0000000089200000, 0x0000000089200000|
|  69|0x0000000089300000, 0x0000000089400000, 0x0000000089400000|100%| O|  |TS  0|AC  0|TAMS 0x0000000089400000, 0x0000000089400000|
|  70|0x0000000089400000, 0x0000000089500000, 0x0000000089500000|100%| O|  |TS  0|AC  0|TAMS 0x0000000089500000, 0x0000000089500000|
|  71|0x0000000089500000, 0x0000000089600000, 0x0000000089600000|100%| O|  |TS  0|AC  0|TAMS 0x0000000089600000, 0x0000000089600000|
|  72|0x0000000089600000, 0x0000000089700000, 0x0000000089700000|100%| O|  |TS  0|AC  0|TAMS 0x0000000089700000, 0x0000000089700000|
|  73|0x0000000089700000, 0x0000000089800000, 0x0000000089800000|100%| O|  |TS  0|AC  0|TAMS 0x0000000089800000, 0x0000000089800000|
|  74|0x0000000089800000, 0x0000000089900000, 0x0000000089900000|100%| O|  |TS  0|AC  0|TAMS 0x0000000089900000, 0x0000000089900000|
|  75|0x0000000089900000, 0x0000000089a00000, 0x0000000089a00000|100%| O|  |TS  0|AC  0|TAMS 0x0000000089a00000, 0x0000000089a00000|
|  76|0x0000000089a00000, 0x0000000089b00000, 0x0000000089b00000|100%| O|  |TS  0|AC  0|TAMS 0x0000000089b00000, 0x0000000089b00000|
|  77|0x0000000089b00000, 0x0000000089c00000, 0x0000000089c00000|100%| O|  |TS  1|AC  0|TAMS 0x0000000089b00000, 0x0000000089b00000|
|  78|0x0000000089c00000, 0x0000000089d00000, 0x0000000089d00000|100%| O|  |TS  0|AC  0|TAMS 0x0000000089d00000, 0x0000000089d00000|
|  79|0x0000000089d00000, 0x0000000089e00000, 0x0000000089e00000|100%| O|  |TS  1|AC  0|TAMS 0x0000000089d00000, 0x0000000089d00000|
|  80|0x0000000089e00000, 0x0000000089f00000, 0x0000000089f00000|100%| O|  |TS  0|AC  0|TAMS 0x0000000089f00000, 0x0000000089f00000|
|  81|0x0000000089f00000, 0x000000008a000000, 0x000000008a000000|100%| O|  |TS  1|AC  0|TAMS 0x0000000089f00000, 0x0000000089f00000|
|  82|0x000000008a000000, 0x000000008a100000, 0x000000008a100000|100%| O|  |TS  0|AC  0|TAMS 0x000000008a100000, 0x000000008a100000|
|  83|0x000000008a100000, 0x000000008a200000, 0x000000008a200000|100%| O|  |TS  0|AC  0|TAMS 0x000000008a200000, 0x000000008a200000|
|  84|0x000000008a200000, 0x000000008a300000, 0x000000008a300000|100%| O|  |TS  0|AC  0|TAMS 0x000000008a300000, 0x000000008a300000|
|  85|0x000000008a300000, 0x000000008a400000, 0x000000008a400000|100%| O|  |TS  0|AC  0|TAMS 0x000000008a400000, 0x000000008a400000|
|  86|0x000000008a400000, 0x000000008a500000, 0x000000008a500000|100%| O|  |TS  0|AC  0|TAMS 0x000000008a500000, 0x000000008a500000|
|  87|0x000000008a500000, 0x000000008a600000, 0x000000008a600000|100%|HS|  |TS  0|AC  0|TAMS 0x000000008a500000, 0x000000008a500000|
|  88|0x000000008a600000, 0x000000008a700000, 0x000000008a700000|100%|HC|  |TS  0|AC  0|TAMS 0x000000008a600000, 0x000000008a600000|
|  89|0x000000008a700000, 0x000000008a800000, 0x000000008a800000|100%| O|  |TS  1|AC  0|TAMS 0x000000008a700000, 0x000000008a700000|
|  90|0x000000008a800000, 0x000000008a900000, 0x000000008a900000|100%| O|  |TS  0|AC  0|TAMS 0x000000008a900000, 0x000000008a900000|
|  91|0x000000008a900000, 0x000000008aa00000, 0x000000008aa00000|100%| O|  |TS  0|AC  0|TAMS 0x000000008aa00000, 0x000000008aa00000|
|  92|0x000000008aa00000, 0x000000008ab00000, 0x000000008ab00000|100%| O|  |TS  0|AC  0|TAMS 0x000000008ab00000, 0x000000008ab00000|
|  93|0x000000008ab00000, 0x000000008ac00000, 0x000000008ac00000|100%| O|  |TS  0|AC  0|TAMS 0x000000008ac00000, 0x000000008ac00000|
|  94|0x000000008ac00000, 0x000000008ad00000, 0x000000008ad00000|100%| O|  |TS  0|AC  0|TAMS 0x000000008ad00000, 0x000000008ad00000|
|  95|0x000000008ad00000, 0x000000008ae00000, 0x000000008ae00000|100%| O|  |TS  1|AC  0|TAMS 0x000000008ad00000, 0x000000008ad00000|
|  96|0x000000008ae00000, 0x000000008af00000, 0x000000008af00000|100%| O|  |TS  0|AC  0|TAMS 0x000000008af00000, 0x000000008af00000|
|  97|0x000000008af00000, 0x000000008b000000, 0x000000008b000000|100%| O|  |TS  1|AC  0|TAMS 0x000000008af00000, 0x000000008af00000|
|  98|0x000000008b000000, 0x000000008b100000, 0x000000008b100000|100%| O|  |TS  0|AC  0|TAMS 0x000000008b100000, 0x000000008b100000|
|  99|0x000000008b100000, 0x000000008b200000, 0x000000008b200000|100%| O|  |TS  0|AC  0|TAMS 0x000000008b200000, 0x000000008b200000|
| 100|0x000000008b200000, 0x000000008b300000, 0x000000008b300000|100%| O|  |TS  0|AC  0|TAMS 0x000000008b300000, 0x000000008b300000|
| 101|0x000000008b300000, 0x000000008b385600, 0x000000008b400000| 52%| O|  |TS  1|AC  0|TAMS 0x000000008b300000, 0x000000008b300000|
| 102|0x000000008b400000, 0x000000008b400000, 0x000000008b500000|  0%| F|  |TS  0|AC  0|TAMS 0x000000008b400000, 0x000000008b400000|
| 103|0x000000008b500000, 0x000000008b500000, 0x000000008b600000|  0%| F|  |TS  0|AC  0|TAMS 0x000000008b500000, 0x000000008b500000|
| 104|0x000000008b600000, 0x000000008b600000, 0x000000008b700000|  0%| F|  |TS  0|AC  0|TAMS 0x000000008b600000, 0x000000008b600000|
| 105|0x000000008b700000, 0x000000008b800000, 0x000000008b800000|100%| O|  |TS  0|AC  0|TAMS 0x000000008b800000, 0x000000008b800000|
| 106|0x000000008b800000, 0x000000008b900000, 0x000000008b900000|100%| O|  |TS  0|AC  0|TAMS 0x000000008b900000, 0x000000008b900000|
| 107|0x000000008b900000, 0x000000008ba00000, 0x000000008ba00000|100%| O|  |TS  0|AC  0|TAMS 0x000000008ba00000, 0x000000008ba00000|
| 108|0x000000008ba00000, 0x000000008bb00000, 0x000000008bb00000|100%| O|  |TS  0|AC  0|TAMS 0x000000008bb00000, 0x000000008bb00000|
| 109|0x000000008bb00000, 0x000000008bc00000, 0x000000008bc00000|100%| O|  |TS  0|AC  0|TAMS 0x000000008bc00000, 0x000000008bc00000|
| 110|0x000000008bc00000, 0x000000008bd00000, 0x000000008bd00000|100%| O|  |TS  0|AC  0|TAMS 0x000000008bd00000, 0x000000008bd00000|
| 111|0x000000008bd00000, 0x000000008be00000, 0x000000008be00000|100%| O|  |TS  0|AC  0|TAMS 0x000000008be00000, 0x000000008be00000|
| 112|0x000000008be00000, 0x000000008bf00000, 0x000000008bf00000|100%| O|  |TS  0|AC  0|TAMS 0x000000008bf00000, 0x000000008bf00000|
| 113|0x000000008bf00000, 0x000000008c000000, 0x000000008c000000|100%| O|  |TS  0|AC  0|TAMS 0x000000008c000000, 0x000000008c000000|
| 114|0x000000008c000000, 0x000000008c100000, 0x000000008c100000|100%| O|  |TS  0|AC  0|TAMS 0x000000008c100000, 0x000000008c100000|
| 115|0x000000008c100000, 0x000000008c200000, 0x000000008c200000|100%| O|  |TS  0|AC  0|TAMS 0x000000008c200000, 0x000000008c200000|
| 116|0x000000008c200000, 0x000000008c300000, 0x000000008c300000|100%| O|  |TS  0|AC  0|TAMS 0x000000008c300000, 0x000000008c300000|
| 117|0x000000008c300000, 0x000000008c400000, 0x000000008c400000|100%| O|  |TS  0|AC  0|TAMS 0x000000008c400000, 0x000000008c400000|
| 118|0x000000008c400000, 0x000000008c400000, 0x000000008c500000|  0%| F|  |TS  0|AC  0|TAMS 0x000000008c400000, 0x000000008c400000|
| 119|0x000000008c500000, 0x000000008c600000, 0x000000008c600000|100%| O|  |TS  0|AC  0|TAMS 0x000000008c600000, 0x000000008c600000|
| 120|0x000000008c600000, 0x000000008c700000, 0x000000008c700000|100%|HS|  |TS  0|AC  0|TAMS 0x000000008c700000, 0x000000008c700000|
| 121|0x000000008c700000, 0x000000008c800000, 0x000000008c800000|100%|HC|  |TS  0|AC  0|TAMS 0x000000008c800000, 0x000000008c800000|
| 122|0x000000008c800000, 0x000000008c900000, 0x000000008c900000|100%|HC|  |TS  0|AC  0|TAMS 0x000000008c900000, 0x000000008c900000|
| 123|0x000000008c900000, 0x000000008ca00000, 0x000000008ca00000|100%| O|  |TS  0|AC  0|TAMS 0x000000008ca00000, 0x000000008ca00000|
| 124|0x000000008ca00000, 0x000000008cb00000, 0x000000008cb00000|100%| O|  |TS  0|AC  0|TAMS 0x000000008cb00000, 0x000000008cb00000|
| 125|0x000000008cb00000, 0x000000008cc00000, 0x000000008cc00000|100%| O|  |TS  0|AC  0|TAMS 0x000000008cc00000, 0x000000008cc00000|
| 126|0x000000008cc00000, 0x000000008cd00000, 0x000000008cd00000|100%| O|  |TS  0|AC  0|TAMS 0x000000008cd00000, 0x000000008cd00000|
| 127|0x000000008cd00000, 0x000000008cd00000, 0x000000008ce00000|  0%| F|  |TS  0|AC  0|TAMS 0x000000008cd00000, 0x000000008cd00000|
| 128|0x000000008ce00000, 0x000000008cf00000, 0x000000008cf00000|100%| O|  |TS  0|AC  0|TAMS 0x000000008cf00000, 0x000000008cf00000|
| 129|0x000000008cf00000, 0x000000008cf00000, 0x000000008d000000|  0%| F|  |TS  0|AC  0|TAMS 0x000000008cf00000, 0x000000008cf00000|
| 130|0x000000008d000000, 0x000000008d100000, 0x000000008d100000|100%| O|  |TS  0|AC  0|TAMS 0x000000008d100000, 0x000000008d100000|
| 131|0x000000008d100000, 0x000000008d100000, 0x000000008d200000|  0%| F|  |TS  0|AC  0|TAMS 0x000000008d100000, 0x000000008d100000|
| 132|0x000000008d200000, 0x000000008d200000, 0x000000008d300000|  0%| F|  |TS  0|AC  0|TAMS 0x000000008d200000, 0x000000008d200000|
| 133|0x000000008d300000, 0x000000008d400000, 0x000000008d400000|100%| O|  |TS  0|AC  0|TAMS 0x000000008d400000, 0x000000008d400000|
| 134|0x000000008d400000, 0x000000008d500000, 0x000000008d500000|100%| O|  |TS  0|AC  0|TAMS 0x000000008d500000, 0x000000008d500000|
| 135|0x000000008d500000, 0x000000008d500000, 0x000000008d600000|  0%| F|  |TS  0|AC  0|TAMS 0x000000008d500000, 0x000000008d500000|
| 136|0x000000008d600000, 0x000000008d700000, 0x000000008d700000|100%|HS|  |TS  0|AC  0|TAMS 0x000000008d700000, 0x000000008d700000|
| 137|0x000000008d700000, 0x000000008d800000, 0x000000008d800000|100%|HC|  |TS  0|AC  0|TAMS 0x000000008d800000, 0x000000008d800000|
| 138|0x000000008d800000, 0x000000008d900000, 0x000000008d900000|100%| O|  |TS  0|AC  0|TAMS 0x000000008d900000, 0x000000008d900000|
| 139|0x000000008d900000, 0x000000008da00000, 0x000000008da00000|100%| O|  |TS  0|AC  0|TAMS 0x000000008da00000, 0x000000008da00000|
| 140|0x000000008da00000, 0x000000008db00000, 0x000000008db00000|100%| O|  |TS  0|AC  0|TAMS 0x000000008db00000, 0x000000008db00000|
| 141|0x000000008db00000, 0x000000008dc00000, 0x000000008dc00000|100%| O|  |TS  0|AC  0|TAMS 0x000000008dc00000, 0x000000008dc00000|
| 142|0x000000008dc00000, 0x000000008dd00000, 0x000000008dd00000|100%| O|  |TS  0|AC  0|TAMS 0x000000008dd00000, 0x000000008dd00000|
| 143|0x000000008dd00000, 0x000000008de00000, 0x000000008de00000|100%| O|  |TS  0|AC  0|TAMS 0x000000008de00000, 0x000000008de00000|
| 144|0x000000008de00000, 0x000000008df00000, 0x000000008df00000|100%| O|  |TS  0|AC  0|TAMS 0x000000008df00000, 0x000000008df00000|
| 145|0x000000008df00000, 0x000000008e000000, 0x000000008e000000|100%| O|  |TS  0|AC  0|TAMS 0x000000008e000000, 0x000000008e000000|
| 146|0x000000008e000000, 0x000000008e100000, 0x000000008e100000|100%| O|  |TS  0|AC  0|TAMS 0x000000008e100000, 0x000000008e100000|
| 147|0x000000008e100000, 0x000000008e200000, 0x000000008e200000|100%| O|  |TS  0|AC  0|TAMS 0x000000008e200000, 0x000000008e200000|
| 148|0x000000008e200000, 0x000000008e200000, 0x000000008e300000|  0%| F|  |TS  0|AC  0|TAMS 0x000000008e200000, 0x000000008e200000|
| 149|0x000000008e300000, 0x000000008e400000, 0x000000008e400000|100%| O|  |TS  0|AC  0|TAMS 0x000000008e400000, 0x000000008e400000|
| 150|0x000000008e400000, 0x000000008e500000, 0x000000008e500000|100%| O|  |TS  0|AC  0|TAMS 0x000000008e500000, 0x000000008e500000|
| 151|0x000000008e500000, 0x000000008e600000, 0x000000008e600000|100%| O|  |TS  0|AC  0|TAMS 0x000000008e600000, 0x000000008e600000|
| 152|0x000000008e600000, 0x000000008e700000, 0x000000008e700000|100%| O|  |TS  0|AC  0|TAMS 0x000000008e700000, 0x000000008e700000|
| 153|0x000000008e700000, 0x000000008e800000, 0x000000008e800000|100%| O|  |TS  0|AC  0|TAMS 0x000000008e800000, 0x000000008e800000|
| 154|0x000000008e800000, 0x000000008e900000, 0x000000008e900000|100%| O|  |TS  0|AC  0|TAMS 0x000000008e900000, 0x000000008e900000|
| 155|0x000000008e900000, 0x000000008ea00000, 0x000000008ea00000|100%| O|  |TS  0|AC  0|TAMS 0x000000008ea00000, 0x000000008ea00000|
| 156|0x000000008ea00000, 0x000000008eb00000, 0x000000008eb00000|100%| O|  |TS  0|AC  0|TAMS 0x000000008eb00000, 0x000000008eb00000|
| 157|0x000000008eb00000, 0x000000008eb00000, 0x000000008ec00000|  0%| F|  |TS  0|AC  0|TAMS 0x000000008eb00000, 0x000000008eb00000|
| 158|0x000000008ec00000, 0x000000008ec00000, 0x000000008ed00000|  0%| F|  |TS  0|AC  0|TAMS 0x000000008ec00000, 0x000000008ec00000|
| 159|0x000000008ed00000, 0x000000008ed00000, 0x000000008ee00000|  0%| F|  |TS  0|AC  0|TAMS 0x000000008ed00000, 0x000000008ed00000|
| 160|0x000000008ee00000, 0x000000008ee00000, 0x000000008ef00000|  0%| F|  |TS  0|AC  0|TAMS 0x000000008ee00000, 0x000000008ee00000|
| 161|0x000000008ef00000, 0x000000008ef00000, 0x000000008f000000|  0%| F|  |TS  0|AC  0|TAMS 0x000000008ef00000, 0x000000008ef00000|
| 162|0x000000008f000000, 0x000000008f000000, 0x000000008f100000|  0%| F|  |TS  0|AC  0|TAMS 0x000000008f000000, 0x000000008f000000|
| 163|0x000000008f100000, 0x000000008f100000, 0x000000008f200000|  0%| F|  |TS  0|AC  0|TAMS 0x000000008f100000, 0x000000008f100000|
| 164|0x000000008f200000, 0x000000008f200000, 0x000000008f300000|  0%| F|  |TS  0|AC  0|TAMS 0x000000008f200000, 0x000000008f200000|
| 165|0x000000008f300000, 0x000000008f300000, 0x000000008f400000|  0%| F|  |TS  0|AC  0|TAMS 0x000000008f300000, 0x000000008f300000|
| 166|0x000000008f400000, 0x000000008f400000, 0x000000008f500000|  0%| F|  |TS  0|AC  0|TAMS 0x000000008f400000, 0x000000008f400000|
| 167|0x000000008f500000, 0x000000008f500000, 0x000000008f600000|  0%| F|  |TS  0|AC  0|TAMS 0x000000008f500000, 0x000000008f500000|
| 168|0x000000008f600000, 0x000000008f600000, 0x000000008f700000|  0%| F|  |TS  0|AC  0|TAMS 0x000000008f600000, 0x000000008f600000|
| 169|0x000000008f700000, 0x000000008f700000, 0x000000008f800000|  0%| F|  |TS  0|AC  0|TAMS 0x000000008f700000, 0x000000008f700000|
| 170|0x000000008f800000, 0x000000008f800000, 0x000000008f900000|  0%| F|  |TS  0|AC  0|TAMS 0x000000008f800000, 0x000000008f800000|
| 171|0x000000008f900000, 0x000000008f900000, 0x000000008fa00000|  0%| F|  |TS  0|AC  0|TAMS 0x000000008f900000, 0x000000008f900000|
| 172|0x000000008fa00000, 0x000000008fa00000, 0x000000008fb00000|  0%| F|  |TS  0|AC  0|TAMS 0x000000008fa00000, 0x000000008fa00000|
| 173|0x000000008fb00000, 0x000000008fb00000, 0x000000008fc00000|  0%| F|  |TS  0|AC  0|TAMS 0x000000008fb00000, 0x000000008fb00000|
| 174|0x000000008fc00000, 0x000000008fc00000, 0x000000008fd00000|  0%| F|  |TS  0|AC  0|TAMS 0x000000008fc00000, 0x000000008fc00000|
| 175|0x000000008fd00000, 0x000000008fd00000, 0x000000008fe00000|  0%| F|  |TS  0|AC  0|TAMS 0x000000008fd00000, 0x000000008fd00000|
| 176|0x000000008fe00000, 0x000000008fe00000, 0x000000008ff00000|  0%| F|  |TS  0|AC  0|TAMS 0x000000008fe00000, 0x000000008fe00000|
| 177|0x000000008ff00000, 0x000000008ff00000, 0x0000000090000000|  0%| F|  |TS  0|AC  0|TAMS 0x000000008ff00000, 0x000000008ff00000|
| 178|0x0000000090000000, 0x0000000090000000, 0x0000000090100000|  0%| F|  |TS  0|AC  0|TAMS 0x0000000090000000, 0x0000000090000000|
| 179|0x0000000090100000, 0x0000000090100000, 0x0000000090200000|  0%| F|  |TS  0|AC  0|TAMS 0x0000000090100000, 0x0000000090100000|
| 180|0x0000000090200000, 0x0000000090200000, 0x0000000090300000|  0%| F|  |TS  0|AC  0|TAMS 0x0000000090200000, 0x0000000090200000|
| 181|0x0000000090300000, 0x0000000090300000, 0x0000000090400000|  0%| F|  |TS  0|AC  0|TAMS 0x0000000090300000, 0x0000000090300000|
| 182|0x0000000090400000, 0x0000000090400000, 0x0000000090500000|  0%| F|  |TS  0|AC  0|TAMS 0x0000000090400000, 0x0000000090400000|
| 183|0x0000000090500000, 0x0000000090500000, 0x0000000090600000|  0%| F|  |TS  0|AC  0|TAMS 0x0000000090500000, 0x0000000090500000|
| 184|0x0000000090600000, 0x0000000090600000, 0x0000000090700000|  0%| F|  |TS  0|AC  0|TAMS 0x0000000090600000, 0x0000000090600000|
| 185|0x0000000090700000, 0x0000000090700000, 0x0000000090800000|  0%| F|  |TS  0|AC  0|TAMS 0x0000000090700000, 0x0000000090700000|
| 186|0x0000000090800000, 0x0000000090800000, 0x0000000090900000|  0%| F|  |TS  0|AC  0|TAMS 0x0000000090800000, 0x0000000090800000|
| 187|0x0000000090900000, 0x0000000090900000, 0x0000000090a00000|  0%| F|  |TS  0|AC  0|TAMS 0x0000000090900000, 0x0000000090900000|
| 188|0x0000000090a00000, 0x0000000090a00000, 0x0000000090b00000|  0%| F|  |TS  0|AC  0|TAMS 0x0000000090a00000, 0x0000000090a00000|
| 189|0x0000000090b00000, 0x0000000090b00000, 0x0000000090c00000|  0%| F|  |TS  0|AC  0|TAMS 0x0000000090b00000, 0x0000000090b00000|
| 190|0x0000000090c00000, 0x0000000090c00000, 0x0000000090d00000|  0%| F|  |TS  0|AC  0|TAMS 0x0000000090c00000, 0x0000000090c00000|
| 191|0x0000000090d00000, 0x0000000090d00000, 0x0000000090e00000|  0%| F|  |TS  0|AC  0|TAMS 0x0000000090d00000, 0x0000000090d00000|
| 192|0x0000000090e00000, 0x0000000090e00000, 0x0000000090f00000|  0%| F|  |TS  0|AC  0|TAMS 0x0000000090e00000, 0x0000000090e00000|
| 193|0x0000000090f00000, 0x0000000090f00000, 0x0000000091000000|  0%| F|  |TS  0|AC  0|TAMS 0x0000000090f00000, 0x0000000090f00000|
| 194|0x0000000091000000, 0x0000000091000000, 0x0000000091100000|  0%| F|  |TS  0|AC  0|TAMS 0x0000000091000000, 0x0000000091000000|
| 195|0x0000000091100000, 0x0000000091100000, 0x0000000091200000|  0%| F|  |TS  0|AC  0|TAMS 0x0000000091100000, 0x0000000091100000|
| 196|0x0000000091200000, 0x0000000091200000, 0x0000000091300000|  0%| F|  |TS  0|AC  0|TAMS 0x0000000091200000, 0x0000000091200000|
| 197|0x0000000091300000, 0x0000000091300000, 0x0000000091400000|  0%| F|  |TS  0|AC  0|TAMS 0x0000000091300000, 0x0000000091300000|
| 198|0x0000000091400000, 0x0000000091400000, 0x0000000091500000|  0%| F|  |TS  0|AC  0|TAMS 0x0000000091400000, 0x0000000091400000|
| 199|0x0000000091500000, 0x0000000091500000, 0x0000000091600000|  0%| F|  |TS  0|AC  0|TAMS 0x0000000091500000, 0x0000000091500000|
| 200|0x0000000091600000, 0x0000000091600000, 0x0000000091700000|  0%| F|  |TS  0|AC  0|TAMS 0x0000000091600000, 0x0000000091600000|
| 201|0x0000000091700000, 0x0000000091700000, 0x0000000091800000|  0%| F|  |TS  0|AC  0|TAMS 0x0000000091700000, 0x0000000091700000|
| 202|0x0000000091800000, 0x0000000091800000, 0x0000000091900000|  0%| F|  |TS  0|AC  0|TAMS 0x0000000091800000, 0x0000000091800000|
| 203|0x0000000091900000, 0x0000000091900000, 0x0000000091a00000|  0%| F|  |TS  0|AC  0|TAMS 0x0000000091900000, 0x0000000091900000|
| 204|0x0000000091a00000, 0x0000000091a00000, 0x0000000091b00000|  0%| F|  |TS  0|AC  0|TAMS 0x0000000091a00000, 0x0000000091a00000|
| 205|0x0000000091b00000, 0x0000000091b00000, 0x0000000091c00000|  0%| F|  |TS  0|AC  0|TAMS 0x0000000091b00000, 0x0000000091b00000|
| 206|0x0000000091c00000, 0x0000000091c00000, 0x0000000091d00000|  0%| F|  |TS  0|AC  0|TAMS 0x0000000091c00000, 0x0000000091c00000|
| 207|0x0000000091d00000, 0x0000000091d00000, 0x0000000091e00000|  0%| F|  |TS  0|AC  0|TAMS 0x0000000091d00000, 0x0000000091d00000|
| 208|0x0000000091e00000, 0x0000000091e00000, 0x0000000091f00000|  0%| F|  |TS  0|AC  0|TAMS 0x0000000091e00000, 0x0000000091e00000|
| 209|0x0000000091f00000, 0x0000000091f00000, 0x0000000092000000|  0%| F|  |TS  0|AC  0|TAMS 0x0000000091f00000, 0x0000000091f00000|
| 210|0x0000000092000000, 0x0000000092000000, 0x0000000092100000|  0%| F|  |TS  0|AC  0|TAMS 0x0000000092000000, 0x0000000092000000|
| 211|0x0000000092100000, 0x0000000092100000, 0x0000000092200000|  0%| F|  |TS  0|AC  0|TAMS 0x0000000092100000, 0x0000000092100000|
| 212|0x0000000092200000, 0x0000000092200000, 0x0000000092300000|  0%| F|  |TS  0|AC  0|TAMS 0x0000000092200000, 0x0000000092200000|
| 213|0x0000000092300000, 0x0000000092300000, 0x0000000092400000|  0%| F|  |TS  0|AC  0|TAMS 0x0000000092300000, 0x0000000092300000|
| 214|0x0000000092400000, 0x0000000092400000, 0x0000000092500000|  0%| F|  |TS  0|AC  0|TAMS 0x0000000092400000, 0x0000000092400000|
| 215|0x0000000092500000, 0x0000000092500000, 0x0000000092600000|  0%| F|  |TS  0|AC  0|TAMS 0x0000000092500000, 0x0000000092500000|
| 216|0x0000000092600000, 0x0000000092600000, 0x0000000092700000|  0%| F|  |TS  0|AC  0|TAMS 0x0000000092600000, 0x0000000092600000|
| 217|0x0000000092700000, 0x0000000092700000, 0x0000000092800000|  0%| F|  |TS  0|AC  0|TAMS 0x0000000092700000, 0x0000000092700000|
| 218|0x0000000092800000, 0x0000000092800000, 0x0000000092900000|  0%| F|  |TS  0|AC  0|TAMS 0x0000000092800000, 0x0000000092800000|
| 219|0x0000000092900000, 0x0000000092900000, 0x0000000092a00000|  0%| F|  |TS  0|AC  0|TAMS 0x0000000092900000, 0x0000000092900000|
| 220|0x0000000092a00000, 0x0000000092a00000, 0x0000000092b00000|  0%| F|  |TS  0|AC  0|TAMS 0x0000000092a00000, 0x0000000092a00000|
| 221|0x0000000092b00000, 0x0000000092b00000, 0x0000000092c00000|  0%| F|  |TS  0|AC  0|TAMS 0x0000000092b00000, 0x0000000092b00000|
| 222|0x0000000092c00000, 0x0000000092c00000, 0x0000000092d00000|  0%| F|  |TS  0|AC  0|TAMS 0x0000000092c00000, 0x0000000092c00000|
| 223|0x0000000092d00000, 0x0000000092d00000, 0x0000000092e00000|  0%| F|  |TS  0|AC  0|TAMS 0x0000000092d00000, 0x0000000092d00000|
| 224|0x0000000092e00000, 0x0000000092e00000, 0x0000000092f00000|  0%| F|  |TS  0|AC  0|TAMS 0x0000000092e00000, 0x0000000092e00000|
| 225|0x0000000092f00000, 0x0000000092f00000, 0x0000000093000000|  0%| F|  |TS  0|AC  0|TAMS 0x0000000092f00000, 0x0000000092f00000|
| 226|0x0000000093000000, 0x0000000093000000, 0x0000000093100000|  0%| F|  |TS  0|AC  0|TAMS 0x0000000093000000, 0x0000000093000000|
| 227|0x0000000093100000, 0x0000000093100000, 0x0000000093200000|  0%| F|  |TS  0|AC  0|TAMS 0x0000000093100000, 0x0000000093100000|
| 228|0x0000000093200000, 0x0000000093200000, 0x0000000093300000|  0%| F|  |TS  0|AC  0|TAMS 0x0000000093200000, 0x0000000093200000|
| 229|0x0000000093300000, 0x0000000093300000, 0x0000000093400000|  0%| F|  |TS  0|AC  0|TAMS 0x0000000093300000, 0x0000000093300000|
| 230|0x0000000093400000, 0x0000000093400000, 0x0000000093500000|  0%| F|  |TS  0|AC  0|TAMS 0x0000000093400000, 0x0000000093400000|
| 231|0x0000000093500000, 0x0000000093500000, 0x0000000093600000|  0%| F|  |TS  0|AC  0|TAMS 0x0000000093500000, 0x0000000093500000|
| 232|0x0000000093600000, 0x0000000093600000, 0x0000000093700000|  0%| F|  |TS  0|AC  0|TAMS 0x0000000093600000, 0x0000000093600000|
| 233|0x0000000093700000, 0x0000000093700000, 0x0000000093800000|  0%| F|  |TS  0|AC  0|TAMS 0x0000000093700000, 0x0000000093700000|
| 234|0x0000000093800000, 0x0000000093800000, 0x0000000093900000|  0%| F|  |TS  0|AC  0|TAMS 0x0000000093800000, 0x0000000093800000|
| 235|0x0000000093900000, 0x0000000093900000, 0x0000000093a00000|  0%| F|  |TS  0|AC  0|TAMS 0x0000000093900000, 0x0000000093900000|
| 236|0x0000000093a00000, 0x0000000093a00000, 0x0000000093b00000|  0%| F|  |TS  0|AC  0|TAMS 0x0000000093a00000, 0x0000000093a00000|
| 237|0x0000000093b00000, 0x0000000093b00000, 0x0000000093c00000|  0%| F|  |TS  0|AC  0|TAMS 0x0000000093b00000, 0x0000000093b00000|
| 238|0x0000000093c00000, 0x0000000093c00000, 0x0000000093d00000|  0%| F|  |TS  0|AC  0|TAMS 0x0000000093c00000, 0x0000000093c00000|
| 239|0x0000000093d00000, 0x0000000093d00000, 0x0000000093e00000|  0%| F|  |TS  0|AC  0|TAMS 0x0000000093d00000, 0x0000000093d00000|
| 240|0x0000000093e00000, 0x0000000093e00000, 0x0000000093f00000|  0%| F|  |TS  0|AC  0|TAMS 0x0000000093e00000, 0x0000000093e00000|
| 241|0x0000000093f00000, 0x0000000093f00000, 0x0000000094000000|  0%| F|  |TS  0|AC  0|TAMS 0x0000000093f00000, 0x0000000093f00000|
| 242|0x0000000094000000, 0x0000000094000000, 0x0000000094100000|  0%| F|  |TS  0|AC  0|TAMS 0x0000000094000000, 0x0000000094000000|
| 243|0x0000000094100000, 0x0000000094100000, 0x0000000094200000|  0%| F|  |TS  0|AC  0|TAMS 0x0000000094100000, 0x0000000094100000|
| 244|0x0000000094200000, 0x0000000094200000, 0x0000000094300000|  0%| F|  |TS  0|AC  0|TAMS 0x0000000094200000, 0x0000000094200000|
| 245|0x0000000094300000, 0x0000000094300000, 0x0000000094400000|  0%| F|  |TS  0|AC  0|TAMS 0x0000000094300000, 0x0000000094300000|
| 246|0x0000000094400000, 0x0000000094500000, 0x0000000094500000|100%| O|  |TS  0|AC  0|TAMS 0x0000000094500000, 0x0000000094500000|
| 247|0x0000000094500000, 0x0000000094500000, 0x0000000094600000|  0%| F|  |TS  0|AC  0|TAMS 0x0000000094500000, 0x0000000094500000|
| 248|0x0000000094600000, 0x0000000094600000, 0x0000000094700000|  0%| F|  |TS  0|AC  0|TAMS 0x0000000094600000, 0x0000000094600000|
| 249|0x0000000094700000, 0x0000000094700000, 0x0000000094800000|  0%| F|  |TS  0|AC  0|TAMS 0x0000000094700000, 0x0000000094700000|
| 250|0x0000000094800000, 0x0000000094800000, 0x0000000094900000|  0%| F|  |TS  0|AC  0|TAMS 0x0000000094800000, 0x0000000094800000|
| 251|0x0000000094900000, 0x0000000094900000, 0x0000000094a00000|  0%| F|  |TS  0|AC  0|TAMS 0x0000000094900000, 0x0000000094900000|
| 252|0x0000000094a00000, 0x0000000094a00000, 0x0000000094b00000|  0%| F|  |TS  0|AC  0|TAMS 0x0000000094a00000, 0x0000000094a00000|
| 253|0x0000000094b00000, 0x0000000094b00000, 0x0000000094c00000|  0%| F|  |TS  0|AC  0|TAMS 0x0000000094b00000, 0x0000000094b00000|
| 254|0x0000000094c00000, 0x0000000094c00000, 0x0000000094d00000|  0%| F|  |TS  0|AC  0|TAMS 0x0000000094c00000, 0x0000000094c00000|
| 255|0x0000000094d00000, 0x0000000094d00000, 0x0000000094e00000|  0%| F|  |TS  0|AC  0|TAMS 0x0000000094d00000, 0x0000000094d00000|
| 256|0x0000000094e00000, 0x0000000094e00000, 0x0000000094f00000|  0%| F|  |TS  0|AC  0|TAMS 0x0000000094e00000, 0x0000000094e00000|
| 257|0x0000000094f00000, 0x0000000094f00000, 0x0000000095000000|  0%| F|  |TS  0|AC  0|TAMS 0x0000000094f00000, 0x0000000094f00000|
| 258|0x0000000095000000, 0x0000000095000000, 0x0000000095100000|  0%| F|  |TS  0|AC  0|TAMS 0x0000000095000000, 0x0000000095000000|
| 259|0x0000000095100000, 0x0000000095100000, 0x0000000095200000|  0%| F|  |TS  0|AC  0|TAMS 0x0000000095100000, 0x0000000095100000|
| 260|0x0000000095200000, 0x0000000095200000, 0x0000000095300000|  0%| F|  |TS  0|AC  0|TAMS 0x0000000095200000, 0x0000000095200000|
| 261|0x0000000095300000, 0x0000000095300000, 0x0000000095400000|  0%| F|  |TS  0|AC  0|TAMS 0x0000000095300000, 0x0000000095300000|
| 262|0x0000000095400000, 0x0000000095400000, 0x0000000095500000|  0%| F|  |TS  0|AC  0|TAMS 0x0000000095400000, 0x0000000095400000|
| 263|0x0000000095500000, 0x0000000095500000, 0x0000000095600000|  0%| F|  |TS  0|AC  0|TAMS 0x0000000095500000, 0x0000000095500000|
| 264|0x0000000095600000, 0x0000000095600000, 0x0000000095700000|  0%| F|  |TS  0|AC  0|TAMS 0x0000000095600000, 0x0000000095600000|
| 265|0x0000000095700000, 0x0000000095700000, 0x0000000095800000|  0%| F|  |TS  0|AC  0|TAMS 0x0000000095700000, 0x0000000095700000|
| 266|0x0000000095800000, 0x0000000095900000, 0x0000000095900000|100%| S|CS|TS  1|AC  0|TAMS 0x0000000095800000, 0x0000000095800000|
| 267|0x0000000095900000, 0x0000000095a00000, 0x0000000095a00000|100%| S|CS|TS  1|AC  0|TAMS 0x0000000095900000, 0x0000000095900000|
| 268|0x0000000095a00000, 0x0000000095b00000, 0x0000000095b00000|100%| S|CS|TS  1|AC  0|TAMS 0x0000000095a00000, 0x0000000095a00000|
| 269|0x0000000095b00000, 0x0000000095c00000, 0x0000000095c00000|100%| S|CS|TS  1|AC  0|TAMS 0x0000000095b00000, 0x0000000095b00000|
| 270|0x0000000095c00000, 0x0000000095c00000, 0x0000000095d00000|  0%| F|  |TS  1|AC  0|TAMS 0x0000000095c00000, 0x0000000095c00000|
| 271|0x0000000095d00000, 0x0000000095d00000, 0x0000000095e00000|  0%| F|  |TS  1|AC  0|TAMS 0x0000000095d00000, 0x0000000095d00000|
| 272|0x0000000095e00000, 0x0000000095e00000, 0x0000000095f00000|  0%| F|  |TS  1|AC  0|TAMS 0x0000000095e00000, 0x0000000095e00000|
| 273|0x0000000095f00000, 0x0000000095f00000, 0x0000000096000000|  0%| F|  |TS  1|AC  0|TAMS 0x0000000095f00000, 0x0000000095f00000|
| 274|0x0000000096000000, 0x0000000096000000, 0x0000000096100000|  0%| F|  |TS  1|AC  0|TAMS 0x0000000096000000, 0x0000000096000000|
| 275|0x0000000096100000, 0x0000000096100000, 0x0000000096200000|  0%| F|  |TS  1|AC  0|TAMS 0x0000000096100000, 0x0000000096100000|
| 276|0x0000000096200000, 0x0000000096200000, 0x0000000096300000|  0%| F|  |TS  1|AC  0|TAMS 0x0000000096200000, 0x0000000096200000|
| 277|0x0000000096300000, 0x0000000096300000, 0x0000000096400000|  0%| F|  |TS  1|AC  0|TAMS 0x0000000096300000, 0x0000000096300000|
| 278|0x0000000096400000, 0x0000000096400000, 0x0000000096500000|  0%| F|  |TS  1|AC  0|TAMS 0x0000000096400000, 0x0000000096400000|
| 279|0x0000000096500000, 0x0000000096500000, 0x0000000096600000|  0%| F|  |TS  1|AC  0|TAMS 0x0000000096500000, 0x0000000096500000|
| 280|0x0000000096600000, 0x0000000096600000, 0x0000000096700000|  0%| F|  |TS  1|AC  0|TAMS 0x0000000096600000, 0x0000000096600000|
| 281|0x0000000096700000, 0x0000000096700000, 0x0000000096800000|  0%| F|  |TS  1|AC  0|TAMS 0x0000000096700000, 0x0000000096700000|
| 282|0x0000000096800000, 0x0000000096800000, 0x0000000096900000|  0%| F|  |TS  1|AC  0|TAMS 0x0000000096800000, 0x0000000096800000|
| 283|0x0000000096900000, 0x0000000096900000, 0x0000000096a00000|  0%| F|  |TS  1|AC  0|TAMS 0x0000000096900000, 0x0000000096900000|
| 284|0x0000000096a00000, 0x0000000096a00000, 0x0000000096b00000|  0%| F|  |TS  1|AC  0|TAMS 0x0000000096a00000, 0x0000000096a00000|
| 285|0x0000000096b00000, 0x0000000096b00000, 0x0000000096c00000|  0%| F|  |TS  1|AC  0|TAMS 0x0000000096b00000, 0x0000000096b00000|
| 286|0x0000000096c00000, 0x0000000096c00000, 0x0000000096d00000|  0%| F|  |TS  1|AC  0|TAMS 0x0000000096c00000, 0x0000000096c00000|
| 287|0x0000000096d00000, 0x0000000096d00000, 0x0000000096e00000|  0%| F|  |TS  1|AC  0|TAMS 0x0000000096d00000, 0x0000000096d00000|
| 288|0x0000000096e00000, 0x0000000096e00000, 0x0000000096f00000|  0%| F|  |TS  1|AC  0|TAMS 0x0000000096e00000, 0x0000000096e00000|
| 289|0x0000000096f00000, 0x0000000096f00000, 0x0000000097000000|  0%| F|  |TS  1|AC  0|TAMS 0x0000000096f00000, 0x0000000096f00000|
| 290|0x0000000097000000, 0x0000000097000000, 0x0000000097100000|  0%| F|  |TS  1|AC  0|TAMS 0x0000000097000000, 0x0000000097000000|
| 291|0x0000000097100000, 0x0000000097100000, 0x0000000097200000|  0%| F|  |TS  1|AC  0|TAMS 0x0000000097100000, 0x0000000097100000|
| 292|0x0000000097200000, 0x0000000097200000, 0x0000000097300000|  0%| F|  |TS  1|AC  0|TAMS 0x0000000097200000, 0x0000000097200000|
| 293|0x0000000097300000, 0x0000000097300000, 0x0000000097400000|  0%| F|  |TS  1|AC  0|TAMS 0x0000000097300000, 0x0000000097300000|
| 294|0x0000000097400000, 0x0000000097400000, 0x0000000097500000|  0%| F|  |TS  1|AC  0|TAMS 0x0000000097400000, 0x0000000097400000|
| 295|0x0000000097500000, 0x0000000097500000, 0x0000000097600000|  0%| F|  |TS  1|AC  0|TAMS 0x0000000097500000, 0x0000000097500000|
| 296|0x0000000097600000, 0x0000000097600000, 0x0000000097700000|  0%| F|  |TS  1|AC  0|TAMS 0x0000000097600000, 0x0000000097600000|
| 297|0x0000000097700000, 0x0000000097700000, 0x0000000097800000|  0%| F|  |TS  1|AC  0|TAMS 0x0000000097700000, 0x0000000097700000|
| 298|0x0000000097800000, 0x0000000097800000, 0x0000000097900000|  0%| F|  |TS  1|AC  0|TAMS 0x0000000097800000, 0x0000000097800000|

Card table byte_map: [0x00007f0960181000,0x00007f096055a000] byte_map_base: 0x00007f095fd5a000

Marking Bits (Prev, Next): (CMBitMap*) 0x00007f095c05d690, (CMBitMap*) 0x00007f095c05d6c8
 Prev Bits: [0x00007f0941885000, 0x00007f094374d000)
 Next Bits: [0x00007f0932138000, 0x00007f0934000000)

Polling page: 0x00007f0965e49000

CodeHeap 'non-profiled nmethods': size=238948Kb used=10776Kb max_used=10803Kb free=228171Kb
 bounds [0x00007f09441cd000, 0x00007f0944c5d000, 0x00007f0952b26000]
CodeHeap 'non-nmethods': size=6812Kb used=3423Kb max_used=3423Kb free=3388Kb
 bounds [0x00007f0943b26000, 0x00007f0943e86000, 0x00007f09441cd000]
 total_blobs=6841 nmethods=5919 adapters=771
 compilation: enabled

Compilation events (10 events):
Event: 139,317 Thread 0x00007f095c177800 5991       1       java.util.concurrent.atomic.AtomicLong::getAndSet (12 bytes)
Event: 139,355 Thread 0x00007f095c179800 nmethod 5992 0x00007f094466c090 code [0x00007f094466c240, 0x00007f094466c390]
Event: 139,357 Thread 0x00007f095c17b800 nmethod 5990 0x00007f094466b710 code [0x00007f094466b900, 0x00007f094466be58]
Event: 139,357 Thread 0x00007f095c177800 nmethod 5991 0x00007f094466b390 code [0x00007f094466b540, 0x00007f094466b650]
Event: 141,416 Thread 0x00007f095c17b800 5994   !   1       org.apache.tomcat.util.net.NioEndpoint$Poller::timeout (565 bytes)
Event: 141,735 Thread 0x00007f095c17b800 nmethod 5994 0x00007f0944897290 code [0x00007f0944897620, 0x00007f0944898578]
Event: 149,449 Thread 0x00007f095c179800 5995       1       sun.nio.ch.SelectorImpl::keys (20 bytes)
Event: 149,615 Thread 0x00007f095c179800 nmethod 5995 0x00007f094466af10 code [0x00007f094466b0e0, 0x00007f094466b288]
Event: 160,712 Thread 0x00007f095c177800 5996       1       org.apache.catalina.webresources.CachedResource::getNextCheck (5 bytes)
Event: 160,795 Thread 0x00007f095c177800 nmethod 5996 0x00007f094466ab90 code [0x00007f094466ad40, 0x00007f094466ae50]

GC Heap History (10 events):
Event: 60,322 GC heap after
{Heap after GC invocations=23 (full 0):
 garbage-first heap   total 254976K, used 134407K [0x0000000084e00000, 0x0000000100000000)
  region size 1024K, 7 young (7168K), 7 survivors (7168K)
 Metaspace       used 53891K, capacity 54790K, committed 55296K, reserved 1097728K
  class space    used 6091K, capacity 6386K, committed 6400K, reserved 1048576K
}
Event: 60,407 GC heap before
{Heap before GC invocations=23 (full 0):
 garbage-first heap   total 254976K, used 138503K [0x0000000084e00000, 0x0000000100000000)
  region size 1024K, 12 young (12288K), 7 survivors (7168K)
 Metaspace       used 53891K, capacity 54790K, committed 55296K, reserved 1097728K
  class space    used 6091K, capacity 6386K, committed 6400K, reserved 1048576K
}
Event: 60,461 GC heap after
{Heap after GC invocations=24 (full 0):
 garbage-first heap   total 306176K, used 137710K [0x0000000084e00000, 0x0000000100000000)
  region size 1024K, 2 young (2048K), 2 survivors (2048K)
 Metaspace       used 53891K, capacity 54790K, committed 55296K, reserved 1097728K
  class space    used 6091K, capacity 6386K, committed 6400K, reserved 1048576K
}
Event: 61,931 GC heap before
{Heap before GC invocations=25 (full 0):
 garbage-first heap   total 306176K, used 185838K [0x0000000084e00000, 0x0000000100000000)
  region size 1024K, 43 young (44032K), 2 survivors (2048K)
 Metaspace       used 53891K, capacity 54790K, committed 55296K, reserved 1097728K
  class space    used 6091K, capacity 6386K, committed 6400K, reserved 1048576K
}
Event: 62,097 GC heap after
{Heap after GC invocations=26 (full 0):
 garbage-first heap   total 306176K, used 160528K [0x0000000084e00000, 0x0000000100000000)
  region size 1024K, 6 young (6144K), 6 survivors (6144K)
 Metaspace       used 53891K, capacity 54790K, committed 55296K, reserved 1097728K
  class space    used 6091K, capacity 6386K, committed 6400K, reserved 1048576K
}
Event: 62,418 GC heap before
{Heap before GC invocations=26 (full 0):
 garbage-first heap   total 306176K, used 168720K [0x0000000084e00000, 0x0000000100000000)
  region size 1024K, 14 young (14336K), 6 survivors (6144K)
 Metaspace       used 53891K, capacity 54790K, committed 55296K, reserved 1097728K
  class space    used 6091K, capacity 6386K, committed 6400K, reserved 1048576K
}
Event: 62,512 GC heap after
{Heap after GC invocations=27 (full 0):
 garbage-first heap   total 306176K, used 162816K [0x0000000084e00000, 0x0000000100000000)
  region size 1024K, 2 young (2048K), 2 survivors (2048K)
 Metaspace       used 53891K, capacity 54790K, committed 55296K, reserved 1097728K
  class space    used 6091K, capacity 6386K, committed 6400K, reserved 1048576K
}
Event: 86,831 GC heap before
{Heap before GC invocations=27 (full 0):
 garbage-first heap   total 306176K, used 177152K [0x0000000084e00000, 0x0000000100000000)
  region size 1024K, 17 young (17408K), 2 survivors (2048K)
 Metaspace       used 53893K, capacity 54796K, committed 55296K, reserved 1097728K
  class space    used 6091K, capacity 6387K, committed 6400K, reserved 1048576K
}
Event: 86,968 GC heap after
{Heap after GC invocations=28 (full 0):
 garbage-first heap   total 306176K, used 166563K [0x0000000084e00000, 0x0000000100000000)
  region size 1024K, 6 young (6144K), 6 survivors (6144K)
 Metaspace       used 53893K, capacity 54796K, committed 55296K, reserved 1097728K
  class space    used 6091K, capacity 6387K, committed 6400K, reserved 1048576K
}
Event: 168,998 GC heap before
{Heap before GC invocations=29 (full 0):
 garbage-first heap   total 306176K, used 172707K [0x0000000084e00000, 0x0000000100000000)
  region size 1024K, 29 young (29696K), 6 survivors (6144K)
 Metaspace       used 53893K, capacity 54796K, committed 55296K, reserved 1097728K
  class space    used 6091K, capacity 6387K, committed 6400K, reserved 1048576K
}

Deoptimization events (0 events):
No events

Classes redefined (0 events):
No events

Internal exceptions (10 events):
Event: 26,796 Thread 0x00007f08d0008000 Exception <a 'java/lang/ClassNotFoundException'{0x000000008f6ffb58}: java/lang/ObjectCustomizer> (0x000000008f6ffb58) thrown at [/build/openjdk-lts-xioZJb/openjdk-lts-10.0.2+13/src/hotspot/share/classfile/systemDictionary.cpp, line 233]
Event: 26,798 Thread 0x00007f08d0008000 Exception <a 'java/lang/ClassNotFoundException'{0x000000008f50f740}: org/springframework/web/servlet/i18n/AcceptHeaderLocaleResolverCustomizer> (0x000000008f50f740) thrown at [/build/openjdk-lts-xioZJb/openjdk-lts-10.0.2+13/src/hotspot/share/classfile/sys
Event: 26,803 Thread 0x00007f08d0008000 Exception <a 'java/lang/ClassNotFoundException'{0x000000008f525628}: java/lang/ObjectCustomizer> (0x000000008f525628) thrown at [/build/openjdk-lts-xioZJb/openjdk-lts-10.0.2+13/src/hotspot/share/classfile/systemDictionary.cpp, line 233]
Event: 26,805 Thread 0x00007f08d0008000 Exception <a 'java/lang/ClassNotFoundException'{0x000000008f534bd0}: org/springframework/web/servlet/theme/AbstractThemeResolverCustomizer> (0x000000008f534bd0) thrown at [/build/openjdk-lts-xioZJb/openjdk-lts-10.0.2+13/src/hotspot/share/classfile/systemD
Event: 26,807 Thread 0x00007f08d0008000 Exception <a 'java/lang/ClassNotFoundException'{0x000000008f543280}: org/springframework/web/servlet/theme/FixedThemeResolverCustomizer> (0x000000008f543280) thrown at [/build/openjdk-lts-xioZJb/openjdk-lts-10.0.2+13/src/hotspot/share/classfile/systemDict
Event: 26,814 Thread 0x00007f08d0008000 Exception <a 'java/lang/ClassNotFoundException'{0x000000008f561dd0}: java/lang/ObjectCustomizer> (0x000000008f561dd0) thrown at [/build/openjdk-lts-xioZJb/openjdk-lts-10.0.2+13/src/hotspot/share/classfile/systemDictionary.cpp, line 233]
Event: 26,815 Thread 0x00007f08d0008000 Exception <a 'java/lang/ClassNotFoundException'{0x000000008f571f20}: org/springframework/web/servlet/view/DefaultRequestToViewNameTranslatorCustomizer> (0x000000008f571f20) thrown at [/build/openjdk-lts-xioZJb/openjdk-lts-10.0.2+13/src/hotspot/share/class
Event: 26,823 Thread 0x00007f08d0008000 Exception <a 'java/lang/ClassNotFoundException'{0x000000008f5abcb8}: java/lang/ObjectCustomizer> (0x000000008f5abcb8) thrown at [/build/openjdk-lts-xioZJb/openjdk-lts-10.0.2+13/src/hotspot/share/classfile/systemDictionary.cpp, line 233]
Event: 26,825 Thread 0x00007f08d0008000 Exception <a 'java/lang/ClassNotFoundException'{0x000000008f5bb358}: org/springframework/web/servlet/support/AbstractFlashMapManagerCustomizer> (0x000000008f5bb358) thrown at [/build/openjdk-lts-xioZJb/openjdk-lts-10.0.2+13/src/hotspot/share/classfile/sys
Event: 26,826 Thread 0x00007f08d0008000 Exception <a 'java/lang/ClassNotFoundException'{0x000000008f5cc430}: org/springframework/web/servlet/support/SessionFlashMapManagerCustomizer> (0x000000008f5cc430) thrown at [/build/openjdk-lts-xioZJb/openjdk-lts-10.0.2+13/src/hotspot/share/classfile/syst

Events (10 events):
Event: 87,028 Executing VM operation: RevokeBias done
Event: 87,467 Executing VM operation: CGC_Operation
Event: 87,542 Executing VM operation: CGC_Operation done
Event: 87,795 Executing VM operation: CGC_Operation
Event: 87,820 Executing VM operation: CGC_Operation done
Event: 92,292 Thread 0x00007f08d0003800 Thread exited: 0x00007f08d0003800
Event: 92,294 Thread 0x00007f08d4002000 Thread exited: 0x00007f08d4002000
Event: 92,294 Thread 0x00007f08d4004800 Thread exited: 0x00007f08d4004800
Event: 100,357 Thread 0x00007f08d0002000 Thread exited: 0x00007f08d0002000
Event: 168,977 Executing VM operation: G1IncCollectionPause


Dynamic libraries:
84e00000-97900000 rw-p 00000000 00:00 0 
9d500000-100000000 ---p 00000000 00:00 0 
100000000-100640000 rw-p 00000000 00:00 0 
100640000-140000000 ---p 00000000 00:00 0 
56430b515000-56430b516000 r-xp 00000000 103:09 1055970                   /usr/lib/jvm/java-11-openjdk-amd64/bin/java
56430b716000-56430b717000 r--p 00001000 103:09 1055970                   /usr/lib/jvm/java-11-openjdk-amd64/bin/java
56430b717000-56430b718000 rw-p 00002000 103:09 1055970                   /usr/lib/jvm/java-11-openjdk-amd64/bin/java
56430c315000-56430c336000 rw-p 00000000 00:00 0                          [heap]
7f08beaf7000-7f08beafb000 ---p 00000000 00:00 0 
7f08beafb000-7f08bebf8000 rw-p 00000000 00:00 0 
7f08bebf8000-7f08bebfc000 ---p 00000000 00:00 0 
7f08bebfc000-7f08becf9000 rw-p 00000000 00:00 0 
7f08becf9000-7f08becfd000 ---p 00000000 00:00 0 
7f08becfd000-7f08befba000 rw-p 00000000 00:00 0 
7f08befba000-7f08beffa000 ---p 00000000 00:00 0 
7f08beffa000-7f08beffe000 ---p 00000000 00:00 0 
7f08beffe000-7f08bf0fb000 rw-p 00000000 00:00 0 
7f08bf0fb000-7f08bf0ff000 ---p 00000000 00:00 0 
7f08bf0ff000-7f08bf1fc000 rw-p 00000000 00:00 0 
7f08bf1fc000-7f08bf200000 ---p 00000000 00:00 0 
7f08bf200000-7f08bf2fd000 rw-p 00000000 00:00 0 
7f08bf2fd000-7f08bf301000 ---p 00000000 00:00 0 
7f08bf301000-7f08bf3fe000 rw-p 00000000 00:00 0 
7f08bf3fe000-7f08bf402000 ---p 00000000 00:00 0 
7f08bf402000-7f08bf4ff000 rw-p 00000000 00:00 0 
7f08bf4ff000-7f08bf503000 ---p 00000000 00:00 0 
7f08bf503000-7f08bf800000 rw-p 00000000 00:00 0 
7f08bf800000-7f08bfa00000 rw-p 00000000 00:00 0 
7f08bfa00000-7f08bfc00000 rw-p 00000000 00:00 0 
7f08bfc00000-7f08bfe00000 rw-p 00000000 00:00 0 
7f08bfe00000-7f08c0000000 rw-p 00000000 00:00 0 
7f08c0000000-7f08c0225000 rw-p 00000000 00:00 0 
7f08c0225000-7f08c4000000 ---p 00000000 00:00 0 
7f08c4000000-7f08c403d000 rw-p 00000000 00:00 0 
7f08c403d000-7f08c8000000 ---p 00000000 00:00 0 
7f08c8000000-7f08c8021000 rw-p 00000000 00:00 0 
7f08c8021000-7f08cc000000 ---p 00000000 00:00 0 
7f08cc000000-7f08cc021000 rw-p 00000000 00:00 0 
7f08cc021000-7f08d0000000 ---p 00000000 00:00 0 
7f08d0000000-7f08d0021000 rw-p 00000000 00:00 0 
7f08d0021000-7f08d4000000 ---p 00000000 00:00 0 
7f08d4000000-7f08d4021000 rw-p 00000000 00:00 0 
7f08d4021000-7f08d8000000 ---p 00000000 00:00 0 
7f08d8000000-7f08d8021000 rw-p 00000000 00:00 0 
7f08d8021000-7f08dc000000 ---p 00000000 00:00 0 
7f08dc000000-7f08dc021000 rw-p 00000000 00:00 0 
7f08dc021000-7f08e0000000 ---p 00000000 00:00 0 
7f08e0000000-7f08e00c3000 rw-p 00000000 00:00 0 
7f08e00c3000-7f08e4000000 ---p 00000000 00:00 0 
7f08e4000000-7f08e4045000 rw-p 00000000 00:00 0 
7f08e4045000-7f08e8000000 ---p 00000000 00:00 0 
7f08e8000000-7f08e8021000 rw-p 00000000 00:00 0 
7f08e8021000-7f08ec000000 ---p 00000000 00:00 0 
7f08ec000000-7f08ec044000 rw-p 00000000 00:00 0 
7f08ec044000-7f08f0000000 ---p 00000000 00:00 0 
7f08f0000000-7f08f02f2000 rw-p 00000000 00:00 0 
7f08f02f2000-7f08f4000000 ---p 00000000 00:00 0 
7f08f40ab000-7f08f40af000 ---p 00000000 00:00 0 
7f08f40af000-7f08f43ac000 rw-p 00000000 00:00 0 
7f08f43ac000-7f08f43b0000 ---p 00000000 00:00 0 
7f08f43b0000-7f08f44ad000 rw-p 00000000 00:00 0 
7f08f44ad000-7f08f44b1000 ---p 00000000 00:00 0 
7f08f44b1000-7f08f47ae000 rw-p 00000000 00:00 0 
7f08f47ae000-7f08f49ae000 rw-p 00000000 00:00 0 
7f08f49ae000-7f08f49b2000 ---p 00000000 00:00 0 
7f08f49b2000-7f08f4aaf000 rw-p 00000000 00:00 0 
7f08f4aaf000-7f08f4ab3000 ---p 00000000 00:00 0 
7f08f4ab3000-7f08f4bb0000 rw-p 00000000 00:00 0 
7f08f4bb0000-7f08f4bb4000 ---p 00000000 00:00 0 
7f08f4bb4000-7f08f4cb1000 rw-p 00000000 00:00 0 
7f08f4cb1000-7f08f4cb5000 ---p 00000000 00:00 0 
7f08f4cb5000-7f08f4fb2000 rw-p 00000000 00:00 0 
7f08f4fb2000-7f08f51b2000 rw-p 00000000 00:00 0 
7f08f51b2000-7f08f53b2000 rw-p 00000000 00:00 0 
7f08f53b2000-7f08f55b2000 rw-p 00000000 00:00 0 
7f08f55b2000-7f08f57b2000 rw-p 00000000 00:00 0 
7f08f57b2000-7f08f59b2000 rw-p 00000000 00:00 0 
7f08f59b2000-7f08f59b6000 ---p 00000000 00:00 0 
7f08f59b6000-7f08f5cb3000 rw-p 00000000 00:00 0 
7f08f5cb3000-7f08f5eb3000 rw-p 00000000 00:00 0 
7f08f5eb3000-7f08f5eb7000 ---p 00000000 00:00 0 
7f08f5eb7000-7f08f5fb4000 rw-p 00000000 00:00 0 
7f08f5fb4000-7f08f5fb8000 ---p 00000000 00:00 0 
7f08f5fb8000-7f08f60b5000 rw-p 00000000 00:00 0 
7f08f60b5000-7f08f60b9000 ---p 00000000 00:00 0 
7f08f60b9000-7f08f61b6000 rw-p 00000000 00:00 0 
7f08f61b6000-7f08f61ba000 ---p 00000000 00:00 0 
7f08f61ba000-7f08f64b7000 rw-p 00000000 00:00 0 
7f08f64b7000-7f08f64b8000 ---p 00000000 00:00 0 
7f08f64b8000-7f08f65b9000 rw-p 00000000 00:00 0 
7f08f65b9000-7f08f65bd000 ---p 00000000 00:00 0 
7f08f65bd000-7f08f68ba000 rw-p 00000000 00:00 0 
7f08f68ba000-7f08f68be000 ---p 00000000 00:00 0 
7f08f68be000-7f08f69bb000 rw-p 00000000 00:00 0 
7f08f69bb000-7f08f69bf000 ---p 00000000 00:00 0 
7f08f69bf000-7f08f6abc000 rw-p 00000000 00:00 0 
7f08f6abc000-7f08f6abd000 r-xp 00000000 103:09 1056009                   /usr/lib/jvm/java-11-openjdk-amd64/lib/libextnet.so
7f08f6abd000-7f08f6cbc000 ---p 00001000 103:09 1056009                   /usr/lib/jvm/java-11-openjdk-amd64/lib/libextnet.so
7f08f6cbc000-7f08f6cbd000 r--p 00000000 103:09 1056009                   /usr/lib/jvm/java-11-openjdk-amd64/lib/libextnet.so
7f08f6cbd000-7f08f6cbe000 rw-p 00001000 103:09 1056009                   /usr/lib/jvm/java-11-openjdk-amd64/lib/libextnet.so
7f08f6cbe000-7f08f6ebe000 rw-p 00000000 00:00 0 
7f08f6ebe000-7f08f6ec3000 r-xp 00000000 103:09 1056026                   /usr/lib/jvm/java-11-openjdk-amd64/lib/libmanagement_ext.so
7f08f6ec3000-7f08f70c2000 ---p 00005000 103:09 1056026                   /usr/lib/jvm/java-11-openjdk-amd64/lib/libmanagement_ext.so
7f08f70c2000-7f08f70c3000 r--p 00004000 103:09 1056026                   /usr/lib/jvm/java-11-openjdk-amd64/lib/libmanagement_ext.so
7f08f70c3000-7f08f70c4000 rw-p 00005000 103:09 1056026                   /usr/lib/jvm/java-11-openjdk-amd64/lib/libmanagement_ext.so
7f08f70c4000-7f08f70c8000 r-xp 00000000 103:09 1056024                   /usr/lib/jvm/java-11-openjdk-amd64/lib/libmanagement.so
7f08f70c8000-7f08f72c7000 ---p 00004000 103:09 1056024                   /usr/lib/jvm/java-11-openjdk-amd64/lib/libmanagement.so
7f08f72c7000-7f08f72c8000 r--p 00003000 103:09 1056024                   /usr/lib/jvm/java-11-openjdk-amd64/lib/libmanagement.so
7f08f72c8000-7f08f72c9000 rw-p 00004000 103:09 1056024                   /usr/lib/jvm/java-11-openjdk-amd64/lib/libmanagement.so
7f08f72c9000-7f08f72cd000 ---p 00000000 00:00 0 
7f08f72cd000-7f08f73ca000 rw-p 00000000 00:00 0 
7f08f73ca000-7f08f73e1000 r-xp 00000000 103:09 1056028                   /usr/lib/jvm/java-11-openjdk-amd64/lib/libnet.so
7f08f73e1000-7f08f75e0000 ---p 00017000 103:09 1056028                   /usr/lib/jvm/java-11-openjdk-amd64/lib/libnet.so
7f08f75e0000-7f08f75e1000 r--p 00016000 103:09 1056028                   /usr/lib/jvm/java-11-openjdk-amd64/lib/libnet.so
7f08f75e1000-7f08f75e2000 rw-p 00017000 103:09 1056028                   /usr/lib/jvm/java-11-openjdk-amd64/lib/libnet.so
7f08f75e2000-7f08f75f3000 r-xp 00000000 103:09 1056029                   /usr/lib/jvm/java-11-openjdk-amd64/lib/libnio.so
7f08f75f3000-7f08f77f2000 ---p 00011000 103:09 1056029                   /usr/lib/jvm/java-11-openjdk-amd64/lib/libnio.so
7f08f77f2000-7f08f77f3000 r--p 00010000 103:09 1056029                   /usr/lib/jvm/java-11-openjdk-amd64/lib/libnio.so
7f08f77f3000-7f08f77f4000 rw-p 00011000 103:09 1056029                   /usr/lib/jvm/java-11-openjdk-amd64/lib/libnio.so
7f08f77f4000-7f08f77f8000 ---p 00000000 00:00 0 
7f08f77f8000-7f08f78f5000 rw-p 00000000 00:00 0 
7f08f78f5000-7f08f78f9000 ---p 00000000 00:00 0 
7f08f78f9000-7f08f79f6000 rw-p 00000000 00:00 0 
7f08f79f6000-7f08f79fa000 ---p 00000000 00:00 0 
7f08f79fa000-7f08f7af7000 rw-p 00000000 00:00 0 
7f08f7af7000-7f08f7afb000 ---p 00000000 00:00 0 
7f08f7afb000-7f08f7bf8000 rw-p 00000000 00:00 0 
7f08f7bf8000-7f08f7bfd000 r-xp 00000000 103:09 1056008                   /usr/lib/jvm/java-11-openjdk-amd64/lib/libdt_socket.so
7f08f7bfd000-7f08f7dfc000 ---p 00005000 103:09 1056008                   /usr/lib/jvm/java-11-openjdk-amd64/lib/libdt_socket.so
7f08f7dfc000-7f08f7dfd000 r--p 00004000 103:09 1056008                   /usr/lib/jvm/java-11-openjdk-amd64/lib/libdt_socket.so
7f08f7dfd000-7f08f7dfe000 rw-p 00005000 103:09 1056008                   /usr/lib/jvm/java-11-openjdk-amd64/lib/libdt_socket.so
7f08f7dfe000-7f08f7e02000 ---p 00000000 00:00 0 
7f08f7e02000-7f08f7eff000 rw-p 00000000 00:00 0 
7f08f7eff000-7f08f7f03000 ---p 00000000 00:00 0 
7f08f7f03000-7f08f8000000 rw-p 00000000 00:00 0 
7f08f8000000-7f08f82bf000 rw-p 00000000 00:00 0 
7f08f82bf000-7f08fc000000 ---p 00000000 00:00 0 
7f08fc000000-7f08fc321000 rw-p 00000000 00:00 0 
7f08fc321000-7f0900000000 ---p 00000000 00:00 0 
7f0900000000-7f0900021000 rw-p 00000000 00:00 0 
7f0900021000-7f0904000000 ---p 00000000 00:00 0 
7f0904000000-7f0904106000 rw-p 00000000 00:00 0 
7f0904106000-7f0908000000 ---p 00000000 00:00 0 
7f0908000000-7f090815b000 rw-p 00000000 00:00 0 
7f090815b000-7f090c000000 ---p 00000000 00:00 0 
7f090c000000-7f090c04e000 rw-p 00000000 00:00 0 
7f090c04e000-7f0910000000 ---p 00000000 00:00 0 
7f0910000000-7f0910021000 rw-p 00000000 00:00 0 
7f0910021000-7f0914000000 ---p 00000000 00:00 0 
7f0914000000-7f0914021000 rw-p 00000000 00:00 0 
7f0914021000-7f0918000000 ---p 00000000 00:00 0 
7f0918000000-7f0918021000 rw-p 00000000 00:00 0 
7f0918021000-7f091c000000 ---p 00000000 00:00 0 
7f091c000000-7f091c021000 rw-p 00000000 00:00 0 
7f091c021000-7f0920000000 ---p 00000000 00:00 0 
7f0920000000-7f0920021000 rw-p 00000000 00:00 0 
7f0920021000-7f0924000000 ---p 00000000 00:00 0 
7f0924000000-7f0924088000 rw-p 00000000 00:00 0 
7f0924088000-7f0928000000 ---p 00000000 00:00 0 
7f0928000000-7f0928021000 rw-p 00000000 00:00 0 
7f0928021000-7f092c000000 ---p 00000000 00:00 0 
7f092c000000-7f092c047000 rw-p 00000000 00:00 0 
7f092c047000-7f0930000000 ---p 00000000 00:00 0 
7f0930037000-7f093003b000 ---p 00000000 00:00 0 
7f093003b000-7f09325e4000 rw-p 00000000 00:00 0 
7f09325e4000-7f0934000000 ---p 00000000 00:00 0 
7f0934000000-7f093404f000 rw-p 00000000 00:00 0 
7f093404f000-7f0938000000 ---p 00000000 00:00 0 
7f0938000000-7f0938051000 rw-p 00000000 00:00 0 
7f0938051000-7f093c000000 ---p 00000000 00:00 0 
7f093c000000-7f093c0a1000 rw-p 00000000 00:00 0 
7f093c0a1000-7f0940000000 ---p 00000000 00:00 0 
7f09400f9000-7f09400fd000 ---p 00000000 00:00 0 
7f09400fd000-7f09401fa000 rw-p 00000000 00:00 0 
7f09401fa000-7f09401fe000 ---p 00000000 00:00 0 
7f09401fe000-7f09402fb000 rw-p 00000000 00:00 0 
7f09402fb000-7f09402ff000 ---p 00000000 00:00 0 
7f09402ff000-7f09403fc000 rw-p 00000000 00:00 0 
7f09403fc000-7f0940400000 ---p 00000000 00:00 0 
7f0940400000-7f09404fd000 rw-p 00000000 00:00 0 
7f09404fd000-7f09404fe000 ---p 00000000 00:00 0 
7f09404fe000-7f0940e75000 rw-p 00000000 00:00 0 
7f0940e75000-7f0940e76000 ---p 00000000 00:00 0 
7f0940e76000-7f0940f77000 rw-p 00000000 00:00 0 
7f0940f77000-7f0940f78000 ---p 00000000 00:00 0 
7f0940f78000-7f0941079000 rw-p 00000000 00:00 0 
7f0941079000-7f094107a000 ---p 00000000 00:00 0 
7f094107a000-7f094117b000 rw-p 00000000 00:00 0 
7f094117b000-7f094117c000 ---p 00000000 00:00 0 
7f094117c000-7f094127d000 rw-p 00000000 00:00 0 
7f094127d000-7f094127e000 ---p 00000000 00:00 0 
7f094127e000-7f0941783000 rw-p 00000000 00:00 0 
7f0941783000-7f0941784000 ---p 00000000 00:00 0 
7f0941784000-7f0941d31000 rw-p 00000000 00:00 0 
7f0941d31000-7f094374d000 ---p 00000000 00:00 0 
7f094374d000-7f09437e3000 rw-p 00000000 00:00 0 
7f09437e3000-7f0943b26000 ---p 00000000 00:00 0 
7f0943b26000-7f0943e86000 rwxp 00000000 00:00 0 
7f0943e86000-7f09441cd000 ---p 00000000 00:00 0 
7f09441cd000-7f0944c5d000 rwxp 00000000 00:00 0 
7f0944c5d000-7f0952b26000 ---p 00000000 00:00 0 
7f0952b26000-7f095c000000 r--s 00000000 103:09 1056038                   /usr/lib/jvm/java-11-openjdk-amd64/lib/modules
7f095c000000-7f095d3bd000 rw-p 00000000 00:00 0 
7f095d3bd000-7f0960000000 ---p 00000000 00:00 0 
7f0960024000-7f096007f000 rw-p 00000000 00:00 0 
7f096007f000-7f0960080000 ---p 00000000 00:00 0 
7f0960080000-7f0960217000 rw-p 00000000 00:00 0 
7f0960217000-7f096055a000 ---p 00000000 00:00 0 
7f096055a000-7f09605f0000 rw-p 00000000 00:00 0 
7f09605f0000-7f0960933000 ---p 00000000 00:00 0 
7f0960933000-7f0960d37000 rw-p 00000000 00:00 0 
7f0960d37000-7f0960d38000 ---p 00000000 00:00 0 
7f0960d38000-7f0960e39000 rw-p 00000000 00:00 0 
7f0960e39000-7f0960e3a000 ---p 00000000 00:00 0 
7f0960e3a000-7f0960f3b000 rw-p 00000000 00:00 0 
7f0960f3b000-7f0960f3c000 ---p 00000000 00:00 0 
7f0960f3c000-7f096103d000 rw-p 00000000 00:00 0 
7f096103d000-7f096103e000 ---p 00000000 00:00 0 
7f096103e000-7f0961155000 rw-p 00000000 00:00 0 
7f0961155000-7f0961312000 ---p 00000000 00:00 0 
7f0961312000-7f0961317000 r-xp 00000000 103:09 1056020                   /usr/lib/jvm/java-11-openjdk-amd64/lib/libjimage.so
7f0961317000-7f0961516000 ---p 00005000 103:09 1056020                   /usr/lib/jvm/java-11-openjdk-amd64/lib/libjimage.so
7f0961516000-7f0961517000 r--p 00004000 103:09 1056020                   /usr/lib/jvm/java-11-openjdk-amd64/lib/libjimage.so
7f0961517000-7f0961518000 rw-p 00005000 103:09 1056020                   /usr/lib/jvm/java-11-openjdk-amd64/lib/libjimage.so
7f0961518000-7f096151f000 r-xp 00000000 103:09 1056037                   /usr/lib/jvm/java-11-openjdk-amd64/lib/libzip.so
7f096151f000-7f096171e000 ---p 00007000 103:09 1056037                   /usr/lib/jvm/java-11-openjdk-amd64/lib/libzip.so
7f096171e000-7f096171f000 r--p 00006000 103:09 1056037                   /usr/lib/jvm/java-11-openjdk-amd64/lib/libzip.so
7f096171f000-7f0961720000 rw-p 00007000 103:09 1056037                   /usr/lib/jvm/java-11-openjdk-amd64/lib/libzip.so
7f0961720000-7f096172b000 r-xp 00000000 103:09 1313623                   /lib/x86_64-linux-gnu/libnss_files-2.27.so
7f096172b000-7f096192a000 ---p 0000b000 103:09 1313623                   /lib/x86_64-linux-gnu/libnss_files-2.27.so
7f096192a000-7f096192b000 r--p 0000a000 103:09 1313623                   /lib/x86_64-linux-gnu/libnss_files-2.27.so
7f096192b000-7f096192c000 rw-p 0000b000 103:09 1313623                   /lib/x86_64-linux-gnu/libnss_files-2.27.so
7f096192c000-7f0961932000 rw-p 00000000 00:00 0 
7f0961932000-7f0961949000 r-xp 00000000 103:09 1313617                   /lib/x86_64-linux-gnu/libnsl-2.27.so
7f0961949000-7f0961b48000 ---p 00017000 103:09 1313617                   /lib/x86_64-linux-gnu/libnsl-2.27.so
7f0961b48000-7f0961b49000 r--p 00016000 103:09 1313617                   /lib/x86_64-linux-gnu/libnsl-2.27.so
7f0961b49000-7f0961b4a000 rw-p 00017000 103:09 1313617                   /lib/x86_64-linux-gnu/libnsl-2.27.so
7f0961b4a000-7f0961b4c000 rw-p 00000000 00:00 0 
7f0961b4c000-7f0961b57000 r-xp 00000000 103:09 1313634                   /lib/x86_64-linux-gnu/libnss_nis-2.27.so
7f0961b57000-7f0961d56000 ---p 0000b000 103:09 1313634                   /lib/x86_64-linux-gnu/libnss_nis-2.27.so
7f0961d56000-7f0961d57000 r--p 0000a000 103:09 1313634                   /lib/x86_64-linux-gnu/libnss_nis-2.27.so
7f0961d57000-7f0961d58000 rw-p 0000b000 103:09 1313634                   /lib/x86_64-linux-gnu/libnss_nis-2.27.so
7f0961d58000-7f0961d60000 r-xp 00000000 103:09 1313619                   /lib/x86_64-linux-gnu/libnss_compat-2.27.so
7f0961d60000-7f0961f60000 ---p 00008000 103:09 1313619                   /lib/x86_64-linux-gnu/libnss_compat-2.27.so
7f0961f60000-7f0961f61000 r--p 00008000 103:09 1313619                   /lib/x86_64-linux-gnu/libnss_compat-2.27.so
7f0961f61000-7f0961f62000 rw-p 00009000 103:09 1313619                   /lib/x86_64-linux-gnu/libnss_compat-2.27.so
7f0961f62000-7f0962931000 r--p 00000000 103:09 660473                    /usr/lib/locale/locale-archive
7f0962931000-7f096293b000 r-xp 00000000 103:09 1056011                   /usr/lib/jvm/java-11-openjdk-amd64/lib/libinstrument.so
7f096293b000-7f0962b3a000 ---p 0000a000 103:09 1056011                   /usr/lib/jvm/java-11-openjdk-amd64/lib/libinstrument.so
7f0962b3a000-7f0962b3b000 r--p 00009000 103:09 1056011                   /usr/lib/jvm/java-11-openjdk-amd64/lib/libinstrument.so
7f0962b3b000-7f0962b3c000 rw-p 0000a000 103:09 1056011                   /usr/lib/jvm/java-11-openjdk-amd64/lib/libinstrument.so
7f0962b3c000-7f0962b79000 r-xp 00000000 103:09 1056019                   /usr/lib/jvm/java-11-openjdk-amd64/lib/libjdwp.so
7f0962b79000-7f0962d78000 ---p 0003d000 103:09 1056019                   /usr/lib/jvm/java-11-openjdk-amd64/lib/libjdwp.so
7f0962d78000-7f0962d79000 r--p 0003c000 103:09 1056019                   /usr/lib/jvm/java-11-openjdk-amd64/lib/libjdwp.so
7f0962d79000-7f0962d7a000 rw-p 0003d000 103:09 1056019                   /usr/lib/jvm/java-11-openjdk-amd64/lib/libjdwp.so
7f0962d7a000-7f0962da6000 r-xp 00000000 103:09 1056016                   /usr/lib/jvm/java-11-openjdk-amd64/lib/libjava.so
7f0962da6000-7f0962fa5000 ---p 0002c000 103:09 1056016                   /usr/lib/jvm/java-11-openjdk-amd64/lib/libjava.so
7f0962fa5000-7f0962fa6000 r--p 0002b000 103:09 1056016                   /usr/lib/jvm/java-11-openjdk-amd64/lib/libjava.so
7f0962fa6000-7f0962fa8000 rw-p 0002c000 103:09 1056016                   /usr/lib/jvm/java-11-openjdk-amd64/lib/libjava.so
7f0962fa8000-7f0962fb5000 r-xp 00000000 103:09 1056036                   /usr/lib/jvm/java-11-openjdk-amd64/lib/libverify.so
7f0962fb5000-7f09631b4000 ---p 0000d000 103:09 1056036                   /usr/lib/jvm/java-11-openjdk-amd64/lib/libverify.so
7f09631b4000-7f09631b6000 r--p 0000c000 103:09 1056036                   /usr/lib/jvm/java-11-openjdk-amd64/lib/libverify.so
7f09631b6000-7f09631b7000 rw-p 0000e000 103:09 1056036                   /usr/lib/jvm/java-11-openjdk-amd64/lib/libverify.so
7f09631b7000-7f09631be000 r-xp 00000000 103:09 1313674                   /lib/x86_64-linux-gnu/librt-2.27.so
7f09631be000-7f09633bd000 ---p 00007000 103:09 1313674                   /lib/x86_64-linux-gnu/librt-2.27.so
7f09633bd000-7f09633be000 r--p 00006000 103:09 1313674                   /lib/x86_64-linux-gnu/librt-2.27.so
7f09633be000-7f09633bf000 rw-p 00007000 103:09 1313674                   /lib/x86_64-linux-gnu/librt-2.27.so
7f09633bf000-7f09633d6000 r-xp 00000000 103:09 1313570                   /lib/x86_64-linux-gnu/libgcc_s.so.1
7f09633d6000-7f09635d5000 ---p 00017000 103:09 1313570                   /lib/x86_64-linux-gnu/libgcc_s.so.1
7f09635d5000-7f09635d6000 r--p 00016000 103:09 1313570                   /lib/x86_64-linux-gnu/libgcc_s.so.1
7f09635d6000-7f09635d7000 rw-p 00017000 103:09 1313570                   /lib/x86_64-linux-gnu/libgcc_s.so.1
7f09635d7000-7f0963774000 r-xp 00000000 103:09 1313596                   /lib/x86_64-linux-gnu/libm-2.27.so
7f0963774000-7f0963973000 ---p 0019d000 103:09 1313596                   /lib/x86_64-linux-gnu/libm-2.27.so
7f0963973000-7f0963974000 r--p 0019c000 103:09 1313596                   /lib/x86_64-linux-gnu/libm-2.27.so
7f0963974000-7f0963975000 rw-p 0019d000 103:09 1313596                   /lib/x86_64-linux-gnu/libm-2.27.so
7f0963975000-7f0963af3000 r-xp 00000000 103:09 662969                    /usr/lib/x86_64-linux-gnu/libstdc++.so.6.0.25
7f0963af3000-7f0963cf3000 ---p 0017e000 103:09 662969                    /usr/lib/x86_64-linux-gnu/libstdc++.so.6.0.25
7f0963cf3000-7f0963cfd000 r--p 0017e000 103:09 662969                    /usr/lib/x86_64-linux-gnu/libstdc++.so.6.0.25
7f0963cfd000-7f0963cff000 rw-p 00188000 103:09 662969                    /usr/lib/x86_64-linux-gnu/libstdc++.so.6.0.25
7f0963cff000-7f0963d03000 rw-p 00000000 00:00 0 
7f0963d03000-7f0964ca0000 r-xp 00000000 103:09 1056041                   /usr/lib/jvm/java-11-openjdk-amd64/lib/server/libjvm.so
7f0964ca0000-7f0964ea0000 ---p 00f9d000 103:09 1056041                   /usr/lib/jvm/java-11-openjdk-amd64/lib/server/libjvm.so
7f0964ea0000-7f0964f64000 r--p 00f9d000 103:09 1056041                   /usr/lib/jvm/java-11-openjdk-amd64/lib/server/libjvm.so
7f0964f64000-7f0964f9c000 rw-p 01061000 103:09 1056041                   /usr/lib/jvm/java-11-openjdk-amd64/lib/server/libjvm.so
7f0964f9c000-7f0964fe5000 rw-p 00000000 00:00 0 
7f0964fe5000-7f0964fff000 r-xp 00000000 103:09 1313666                   /lib/x86_64-linux-gnu/libpthread-2.27.so
7f0964fff000-7f09651fe000 ---p 0001a000 103:09 1313666                   /lib/x86_64-linux-gnu/libpthread-2.27.so
7f09651fe000-7f09651ff000 r--p 00019000 103:09 1313666                   /lib/x86_64-linux-gnu/libpthread-2.27.so
7f09651ff000-7f0965200000 rw-p 0001a000 103:09 1313666                   /lib/x86_64-linux-gnu/libpthread-2.27.so
7f0965200000-7f0965204000 rw-p 00000000 00:00 0 
7f0965204000-7f0965207000 r-xp 00000000 103:09 1313556                   /lib/x86_64-linux-gnu/libdl-2.27.so
7f0965207000-7f0965406000 ---p 00003000 103:09 1313556                   /lib/x86_64-linux-gnu/libdl-2.27.so
7f0965406000-7f0965407000 r--p 00002000 103:09 1313556                   /lib/x86_64-linux-gnu/libdl-2.27.so
7f0965407000-7f0965408000 rw-p 00003000 103:09 1313556                   /lib/x86_64-linux-gnu/libdl-2.27.so
7f0965408000-7f0965424000 r-xp 00000000 103:09 1313705                   /lib/x86_64-linux-gnu/libz.so.1.2.11
7f0965424000-7f0965623000 ---p 0001c000 103:09 1313705                   /lib/x86_64-linux-gnu/libz.so.1.2.11
7f0965623000-7f0965624000 r--p 0001b000 103:09 1313705                   /lib/x86_64-linux-gnu/libz.so.1.2.11
7f0965624000-7f0965625000 rw-p 0001c000 103:09 1313705                   /lib/x86_64-linux-gnu/libz.so.1.2.11
7f0965625000-7f096580c000 r-xp 00000000 103:09 1313533                   /lib/x86_64-linux-gnu/libc-2.27.so
7f096580c000-7f0965a0c000 ---p 001e7000 103:09 1313533                   /lib/x86_64-linux-gnu/libc-2.27.so
7f0965a0c000-7f0965a10000 r--p 001e7000 103:09 1313533                   /lib/x86_64-linux-gnu/libc-2.27.so
7f0965a10000-7f0965a12000 rw-p 001eb000 103:09 1313533                   /lib/x86_64-linux-gnu/libc-2.27.so
7f0965a12000-7f0965a16000 rw-p 00000000 00:00 0 
7f0965a16000-7f0965a25000 r-xp 00000000 103:09 1056001                   /usr/lib/jvm/java-11-openjdk-amd64/lib/jli/libjli.so
7f0965a25000-7f0965c24000 ---p 0000f000 103:09 1056001                   /usr/lib/jvm/java-11-openjdk-amd64/lib/jli/libjli.so
7f0965c24000-7f0965c25000 r--p 0000e000 103:09 1056001                   /usr/lib/jvm/java-11-openjdk-amd64/lib/jli/libjli.so
7f0965c25000-7f0965c26000 rw-p 0000f000 103:09 1056001                   /usr/lib/jvm/java-11-openjdk-amd64/lib/jli/libjli.so
7f0965c26000-7f0965c4d000 r-xp 00000000 103:09 1313505                   /lib/x86_64-linux-gnu/ld-2.27.so
7f0965c67000-7f0965c6e000 r--s 00000000 103:09 918565                    /usr/lib/x86_64-linux-gnu/gconv/gconv-modules.cache
7f0965c6e000-7f0965d2c000 rw-p 00000000 00:00 0 
7f0965d2c000-7f0965d30000 ---p 00000000 00:00 0 
7f0965d30000-7f0965e2f000 rw-p 00000000 00:00 0 
7f0965e30000-7f0965e38000 rw-p 00000000 00:00 0 
7f0965e38000-7f0965e3f000 ---p 00000000 00:00 0 
7f0965e3f000-7f0965e41000 r--s 00001000 103:07 1055827                   /home/alex/Programs/idea-IU-182.4129.33/lib/rt/debugger-agent-storage.jar
7f0965e41000-7f0965e49000 rw-s 00000000 00:31 482                        /tmp/hsperfdata_alex/30833
7f0965e49000-7f0965e4a000 ---p 00000000 00:00 0 
7f0965e4a000-7f0965e4b000 r--p 00000000 00:00 0 
7f0965e4b000-7f0965e4d000 rw-p 00000000 00:00 0 
7f0965e4d000-7f0965e4e000 r--p 00027000 103:09 1313505                   /lib/x86_64-linux-gnu/ld-2.27.so
7f0965e4e000-7f0965e4f000 rw-p 00028000 103:09 1313505                   /lib/x86_64-linux-gnu/ld-2.27.so
7f0965e4f000-7f0965e50000 rw-p 00000000 00:00 0 
7fffd8dff000-7fffd8e22000 rw-p 00000000 00:00 0                          [stack]
7fffd8eea000-7fffd8eed000 r--p 00000000 00:00 0                          [vvar]
7fffd8eed000-7fffd8eef000 r-xp 00000000 00:00 0                          [vdso]
ffffffffff600000-ffffffffff601000 r-xp 00000000 00:00 0                  [vsyscall]


VM Arguments:
jvm_args: -agentlib:jdwp=transport=dt_socket,address=127.0.0.1:41295,suspend=y,server=n -XX:TieredStopAtLevel=1 -Xverify:none -Dspring.output.ansi.enabled=always -Dcom.sun.management.jmxremote -Dcom.sun.management.jmxremote.port=35589 -Dcom.sun.management.jmxremote.authenticate=false -Dcom.sun.management.jmxremote.ssl=false -Djava.rmi.server.hostname=localhost -Dspring.liveBeansView.mbeanDomain -Dspring.application.admin.enabled=true -javaagent:/home/alex/Programs/idea-IU-182.4129.33/lib/rt/debugger-agent.jar=file:/tmp/capture.props -Dfile.encoding=UTF-8 
java_command: men.brakh.emergencymap.Application
java_class_path (initial): /home/alex/Documents/Java_Projects/emergency-map/target/classes:/home/alex/.m2/repository/org/springframework/boot/spring-boot-starter-thymeleaf/1.3.5.RELEASE/spring-boot-starter-thymeleaf-1.3.5.RELEASE.jar:/home/alex/.m2/repository/org/springframework/boot/spring-boot-starter/1.3.5.RELEASE/spring-boot-starter-1.3.5.RELEASE.jar:/home/alex/.m2/repository/org/springframework/boot/spring-boot/1.3.5.RELEASE/spring-boot-1.3.5.RELEASE.jar:/home/alex/.m2/repository/org/springframework/boot/spring-boot-autoconfigure/1.3.5.RELEASE/spring-boot-autoconfigure-1.3.5.RELEASE.jar:/home/alex/.m2/repository/org/springframework/boot/spring-boot-starter-logging/1.3.5.RELEASE/spring-boot-starter-logging-1.3.5.RELEASE.jar:/home/alex/.m2/repository/ch/qos/logback/logback-classic/1.1.7/logback-classic-1.1.7.jar:/home/alex/.m2/repository/ch/qos/logback/logback-core/1.1.7/logback-core-1.1.7.jar:/home/alex/.m2/repository/org/slf4j/jul-to-slf4j/1.7.21/jul-to-slf4j-1.7.21.jar:/home/alex/.m2/repository/org/slf4j/log4j-over-slf4j/1.7.21/log4j-over-slf4j-1.7.21.jar:/home/alex/.m2/repository/org/yaml/snakeyaml/1.16/snakeyaml-1.16.jar:/home/alex/.m2/repository/org/thymeleaf/thymeleaf-spring4/2.1.4.RELEASE/thymeleaf-spring4-2.1.4.RELEASE.jar:/home/alex/.m2/repository/org/thymeleaf/thymeleaf/2.1.4.RELEASE/thymeleaf-2.1.4.RELEASE.jar:/home/alex/.m2/repository/ognl/ognl/3.0.8/ognl-3.0.8.jar:/home/alex/.m2/repository/org/unbescape/unbescape/1.1.0.RELEASE/unbescape-1.1.0.RELEASE.jar:/home/alex/.m2/repository/org/slf4j/slf4j-api/1.7.21/slf4j-api-1.7.21.jar:/home/alex/.m2/repository/nz/net/ultraq/thymeleaf/thymeleaf-layout-dialect/1.3.3/thymeleaf-layout-dialect-1.3.3.jar:/home/alex/.m2/repository/org/codehaus/groovy/groovy/2.4.6/groovy-2.4.6.jar:/home/alex/.m2/repository/org/springframework/boot/spring-boot-starter-web/1.3.5.RELEASE/spring-boot-starter-web-1.3.5.RELEASE.jar:/home/alex/.m2/repository/org/springframework/boot/spring-boot-starter-tomcat/1.3.5.RELEASE/spring-boot-s
Launcher Type: SUN_STANDARD

Logging:
Log output configuration:
#0: stdout all=warning uptime,level,tags
#1: stderr all=off uptime,level,tags

Environment Variables:
PATH=/home/alex/.local/bin:/usr/local/sbin:/usr/local/bin:/usr/sbin:/usr/bin:/sbin:/bin:/usr/games:/usr/local/games:/snap/bin
USERNAME=alex
SHELL=/bin/bash
DISPLAY=:0

Signal Handlers:
SIGSEGV: [libjvm.so+0xd28ad0], sa_mask[0]=11111111011111111101111111111110, sa_flags=SA_RESTART|SA_SIGINFO
SIGBUS: [libjvm.so+0xd28ad0], sa_mask[0]=11111111011111111101111111111110, sa_flags=SA_RESTART|SA_SIGINFO
SIGFPE: [libjvm.so+0xd28ad0], sa_mask[0]=11111111011111111101111111111110, sa_flags=SA_RESTART|SA_SIGINFO
SIGPIPE: [libjvm.so+0xb2a150], sa_mask[0]=11111111011111111101111111111110, sa_flags=SA_RESTART|SA_SIGINFO
SIGXFSZ: [libjvm.so+0xb2a150], sa_mask[0]=11111111011111111101111111111110, sa_flags=SA_RESTART|SA_SIGINFO
SIGILL: [libjvm.so+0xd28ad0], sa_mask[0]=11111111011111111101111111111110, sa_flags=SA_RESTART|SA_SIGINFO
SIGUSR2: [libjvm.so+0xb29f90], sa_mask[0]=00100000000000000000000000000000, sa_flags=SA_RESTART|SA_SIGINFO
SIGHUP: [libjvm.so+0xb2a0e0], sa_mask[0]=11111111011111111101111111111110, sa_flags=SA_RESTART|SA_SIGINFO
SIGINT: [libjvm.so+0xb2a0e0], sa_mask[0]=11111111011111111101111111111110, sa_flags=SA_RESTART|SA_SIGINFO
SIGTERM: [libjvm.so+0xb2a0e0], sa_mask[0]=11111111011111111101111111111110, sa_flags=SA_RESTART|SA_SIGINFO
SIGQUIT: [libjvm.so+0xb2a0e0], sa_mask[0]=11111111011111111101111111111110, sa_flags=SA_RESTART|SA_SIGINFO


---------------  S Y S T E M  ---------------

OS:DISTRIB_ID=Ubuntu
DISTRIB_RELEASE=18.04
DISTRIB_CODENAME=bionic
DISTRIB_DESCRIPTION="Ubuntu 18.04.1 LTS"
uname:Linux 4.15.0-36-generic #39-Ubuntu SMP Mon Sep 24 16:19:09 UTC 2018 x86_64
libc:glibc 2.27 NPTL 2.27 
rlimit: STACK 8192k, CORE 0k, NPROC 30994, NOFILE 1048576, AS infinity, DATA infinity, FSIZE infinity
load average:19,67 9,18 5,12

/proc/meminfo:
MemTotal:        8061116 kB
MemFree:          107284 kB
MemAvailable:      12940 kB
Buffers:             780 kB
Cached:           875320 kB
SwapCached:        25224 kB
Active:          6643212 kB
Inactive:         874472 kB
Active(anon):    6625716 kB
Inactive(anon):   856904 kB
Active(file):      17496 kB
Inactive(file):    17568 kB
Unevictable:        3760 kB
Mlocked:            3760 kB
SwapTotal:       1952764 kB
SwapFree:              0 kB
Dirty:               136 kB
Writeback:             0 kB
AnonPages:       6621632 kB
Mapped:           171536 kB
Shmem:            840480 kB
Slab:             158420 kB
SReclaimable:      57948 kB
SUnreclaim:       100472 kB
KernelStack:       23232 kB
PageTables:       120756 kB
NFS_Unstable:          0 kB
Bounce:                0 kB
WritebackTmp:          0 kB
CommitLimit:     5983320 kB
Committed_AS:   28830832 kB
VmallocTotal:   34359738367 kB
VmallocUsed:           0 kB
VmallocChunk:          0 kB
HardwareCorrupted:     0 kB
AnonHugePages:         0 kB
ShmemHugePages:        0 kB
ShmemPmdMapped:        0 kB
CmaTotal:              0 kB
CmaFree:               0 kB
HugePages_Total:       0
HugePages_Free:        0
HugePages_Rsvd:        0
HugePages_Surp:        0
Hugepagesize:       2048 kB
DirectMap4k:      727312 kB
DirectMap2M:     7555072 kB
DirectMap1G:           0 kB

container (cgroup) information:
container_type: cgroupv1
cpu_cpuset_cpus: 0-3
cpu_memory_nodes: 0
active_processor_count: 4
cpu_quota: -1
cpu_period: 100000
cpu_shares: -1
memory_limit_in_bytes: -1
memory_and_swap_limit_in_bytes: -2
memory_soft_limit_in_bytes: -1
memory_usage_in_bytes: 7702011904
memory_max_usage_in_bytes: 179728384


CPU:total 4 (initial active 4) (2 cores per cpu, 2 threads per core) family 6 model 78 stepping 3, cmov, cx8, fxsr, mmx, sse, sse2, sse3, ssse3, sse4.1, sse4.2, popcnt, avx, avx2, aes, clmul, erms, 3dnowpref, lzcnt, ht, tsc, tscinvbit, bmi1, bmi2, adx, fma
CPU Model and flags from /proc/cpuinfo:
model name	: Intel(R) Core(TM) i5-6200U CPU @ 2.30GHz
flags		: fpu vme de pse tsc msr pae mce cx8 apic sep mtrr pge mca cmov pat pse36 clflush dts acpi mmx fxsr sse sse2 ss ht tm pbe syscall nx pdpe1gb rdtscp lm constant_tsc art arch_perfmon pebs bts rep_good nopl xtopology nonstop_tsc cpuid aperfmperf tsc_known_freq pni pclmulqdq dtes64 monitor ds_cpl vmx est tm2 ssse3 sdbg fma cx16 xtpr pdcm pcid sse4_1 sse4_2 x2apic movbe popcnt tsc_deadline_timer aes xsave avx f16c rdrand lahf_lm abm 3dnowprefetch cpuid_fault epb invpcid_single pti ssbd ibrs ibpb stibp tpr_shadow vnmi flexpriority ept vpid fsgsbase tsc_adjust bmi1 avx2 smep bmi2 erms invpcid mpx rdseed adx smap clflushopt intel_pt xsaveopt xsavec xgetbv1 xsaves dtherm ida arat pln pts hwp hwp_notify hwp_act_window hwp_epp flush_l1d

Memory: 4k page, physical 8061116k(107152k free), swap 1952764k(0k free)

vm_info: OpenJDK 64-Bit Server VM (10.0.2+13-Ubuntu-1ubuntu0.18.04.2) for linux-amd64 JRE (10.0.2+13-Ubuntu-1ubuntu0.18.04.2), built on Aug 24 2018 17:36:24 by "buildd" with gcc 7.3.0

END.
